[0.019s] Invoking command in '/home/drwise/arduino_ws/build/arduino_description': CMAKE_PREFIX_PATH=${CMAKE_PREFIX_PATH}:/home/drwise/arduino_ws/install/arduino_py_examples:/opt/ros/jazzy DEBUGINFOD_URLS=https://debuginfod.ubuntu.com /usr/bin/cmake --build /home/drwise/arduino_ws/build/arduino_description -- -j12 -l12
[0.054s] -- Found ament_cmake: 2.5.4 (/opt/ros/jazzy/share/ament_cmake/cmake)
[0.395s] -- Found ament_lint_auto: 0.17.3 (/opt/ros/jazzy/share/ament_lint_auto/cmake)
[0.606s] -- Added test 'lint_cmake' to check CMake code style
[0.608s] -- Added test 'xmllint' to check XML markup files
[0.608s] -- Configuring done (0.6s)
[0.613s] -- Generating done (0.0s)
[0.617s] -- Build files have been written to: /home/drwise/arduino_ws/build/arduino_description
[0.665s] Invoked command in '/home/drwise/arduino_ws/build/arduino_description' returned '0': CMAKE_PREFIX_PATH=${CMAKE_PREFIX_PATH}:/home/drwise/arduino_ws/install/arduino_py_examples:/opt/ros/jazzy DEBUGINFOD_URLS=https://debuginfod.ubuntu.com /usr/bin/cmake --build /home/drwise/arduino_ws/build/arduino_description -- -j12 -l12
[0.668s] Invoking command in '/home/drwise/arduino_ws/build/arduino_description': CMAKE_PREFIX_PATH=${CMAKE_PREFIX_PATH}:/home/drwise/arduino_ws/install/arduino_py_examples:/opt/ros/jazzy DEBUGINFOD_URLS=https://debuginfod.ubuntu.com /usr/bin/cmake --install /home/drwise/arduino_ws/build/arduino_description
[0.684s] -- Install configuration: ""
[0.685s] -- Up-to-date: /home/drwise/arduino_ws/install/arduino_description/share//meshes
[0.685s] -- Installing: /home/drwise/arduino_ws/install/arduino_description/share//meshes/Base.stl
[0.688s] -- Up-to-date: /home/drwise/arduino_ws/install/arduino_description/share//meshes/End Effector
[0.689s] -- Up-to-date: /home/drwise/arduino_ws/install/arduino_description/share//meshes/End Effector/Grip_base - Part 2.stl
[0.689s] -- Up-to-date: /home/drwise/arduino_ws/install/arduino_description/share//meshes/End Effector/Spacer small.stl
[0.689s] -- Up-to-date: /home/drwise/arduino_ws/install/arduino_description/share//meshes/End Effector/Grip_G2_Left.stl
[0.689s] -- Up-to-date: /home/drwise/arduino_ws/install/arduino_description/share//meshes/End Effector/Grip_Plate_2.stl
[0.689s] -- Up-to-date: /home/drwise/arduino_ws/install/arduino_description/share//meshes/End Effector/Gripper_ServoArm - Part 2.stl
[0.689s] -- Up-to-date: /home/drwise/arduino_ws/install/arduino_description/share//meshes/End Effector/Grip_base - Part 1.stl
[0.689s] -- Up-to-date: /home/drwise/arduino_ws/install/arduino_description/share//meshes/End Effector/Grip_Plate_1.stl
[0.691s] -- Up-to-date: /home/drwise/arduino_ws/install/arduino_description/share//meshes/End Effector/Grip_G2_Right.stl
[0.692s] -- Up-to-date: /home/drwise/arduino_ws/install/arduino_description/share//meshes/End Effector/Gripper_ServoArm - Part 1.stl
[0.692s] -- Up-to-date: /home/drwise/arduino_ws/install/arduino_description/share//meshes/arms
[0.693s] -- Up-to-date: /home/drwise/arduino_ws/install/arduino_description/share//meshes/arms/Arm_B2.stl
[0.693s] -- Up-to-date: /home/drwise/arduino_ws/install/arduino_description/share//meshes/arms/Arm_A2.stl
[0.693s] -- Up-to-date: /home/drwise/arduino_ws/install/arduino_description/share//meshes/arms/Arm_C3.stl
[0.694s] -- Up-to-date: /home/drwise/arduino_ws/install/arduino_description/share//meshes/arms/Arm_C2 Triangle.stl
[0.694s] -- Up-to-date: /home/drwise/arduino_ws/install/arduino_description/share//meshes/arms/Arm_A1.stl
[0.694s] -- Up-to-date: /home/drwise/arduino_ws/install/arduino_description/share//meshes/arms/Arm_B1.stl
[0.694s] -- Up-to-date: /home/drwise/arduino_ws/install/arduino_description/share//meshes/base
[0.695s] -- Up-to-date: /home/drwise/arduino_ws/install/arduino_description/share//meshes/base/Base.stl
[0.695s] -- Up-to-date: /home/drwise/arduino_ws/install/arduino_description/share//meshes/base/MountPlate - BasePlate.stl
[0.695s] -- Up-to-date: /home/drwise/arduino_ws/install/arduino_description/share//meshes/base/MountPlate - BaseClip.stl
[0.695s] -- Up-to-date: /home/drwise/arduino_ws/install/arduino_description/share//meshes/base/Base_Hub.stl
[0.695s] -- Up-to-date: /home/drwise/arduino_ws/install/arduino_description/share//meshes/base/MountPlate - BaseCover.stl
[0.696s] -- Up-to-date: /home/drwise/arduino_ws/install/arduino_description/share//urdf
[0.696s] -- Installing: /home/drwise/arduino_ws/install/arduino_description/share//urdf/arduino_urldf.xacro
[0.696s] -- Up-to-date: /home/drwise/arduino_ws/install/arduino_description/share/ament_index/resource_index/package_run_dependencies/arduino_description
[0.696s] -- Up-to-date: /home/drwise/arduino_ws/install/arduino_description/share/ament_index/resource_index/parent_prefix_path/arduino_description
[0.697s] -- Up-to-date: /home/drwise/arduino_ws/install/arduino_description/share/arduino_description/environment/ament_prefix_path.sh
[0.697s] -- Up-to-date: /home/drwise/arduino_ws/install/arduino_description/share/arduino_description/environment/ament_prefix_path.dsv
[0.698s] -- Up-to-date: /home/drwise/arduino_ws/install/arduino_description/share/arduino_description/environment/path.sh
[0.699s] -- Up-to-date: /home/drwise/arduino_ws/install/arduino_description/share/arduino_description/environment/path.dsv
[0.699s] -- Up-to-date: /home/drwise/arduino_ws/install/arduino_description/share/arduino_description/local_setup.bash
[0.699s] -- Up-to-date: /home/drwise/arduino_ws/install/arduino_description/share/arduino_description/local_setup.sh
[0.700s] -- Up-to-date: /home/drwise/arduino_ws/install/arduino_description/share/arduino_description/local_setup.zsh
[0.700s] -- Up-to-date: /home/drwise/arduino_ws/install/arduino_description/share/arduino_description/local_setup.dsv
[0.700s] -- Installing: /home/drwise/arduino_ws/install/arduino_description/share/arduino_description/package.dsv
[0.701s] -- Up-to-date: /home/drwise/arduino_ws/install/arduino_description/share/ament_index/resource_index/packages/arduino_description
[0.701s] -- Up-to-date: /home/drwise/arduino_ws/install/arduino_description/share/arduino_description/cmake/arduino_descriptionConfig.cmake
[0.701s] -- Up-to-date: /home/drwise/arduino_ws/install/arduino_description/share/arduino_description/cmake/arduino_descriptionConfig-version.cmake
[0.702s] -- Up-to-date: /home/drwise/arduino_ws/install/arduino_description/share/arduino_description/package.xml
[0.702s] Invoked command in '/home/drwise/arduino_ws/build/arduino_description' returned '0': CMAKE_PREFIX_PATH=${CMAKE_PREFIX_PATH}:/home/drwise/arduino_ws/install/arduino_py_examples:/opt/ros/jazzy DEBUGINFOD_URLS=https://debuginfod.ubuntu.com /usr/bin/cmake --install /home/drwise/arduino_ws/build/arduino_description
