-- Install configuration: ""
-- Up-to-date: /home/drwise/arduino_ws/install/arduino_description/share/arduino_description/meshes
-- Up-to-date: /home/drwise/arduino_ws/install/arduino_description/share/arduino_description/meshes/End Effector
-- Up-to-date: /home/drwise/arduino_ws/install/arduino_description/share/arduino_description/meshes/End Effector/Grip_base - Part 2.stl
-- Up-to-date: /home/drwise/arduino_ws/install/arduino_description/share/arduino_description/meshes/End Effector/Spacer small.stl
-- Up-to-date: /home/drwise/arduino_ws/install/arduino_description/share/arduino_description/meshes/End Effector/Grip_G2_Left.stl
-- Up-to-date: /home/drwise/arduino_ws/install/arduino_description/share/arduino_description/meshes/End Effector/Grip_Plate_2.stl
-- Up-to-date: /home/drwise/arduino_ws/install/arduino_description/share/arduino_description/meshes/End Effector/Gripper_ServoArm - Part 2.stl
-- Up-to-date: /home/drwise/arduino_ws/install/arduino_description/share/arduino_description/meshes/End Effector/Grip_base - Part 1.stl
-- Up-to-date: /home/drwise/arduino_ws/install/arduino_description/share/arduino_description/meshes/End Effector/Grip_Plate_1.stl
-- Up-to-date: /home/drwise/arduino_ws/install/arduino_description/share/arduino_description/meshes/End Effector/Grip_G2_Right.stl
-- Up-to-date: /home/drwise/arduino_ws/install/arduino_description/share/arduino_description/meshes/End Effector/Gripper_ServoArm - Part 1.stl
-- Up-to-date: /home/drwise/arduino_ws/install/arduino_description/share/arduino_description/meshes/arms
-- Up-to-date: /home/drwise/arduino_ws/install/arduino_description/share/arduino_description/meshes/arms/Arm_B2.stl
-- Up-to-date: /home/drwise/arduino_ws/install/arduino_description/share/arduino_description/meshes/arms/Arm_A2.stl
-- Up-to-date: /home/drwise/arduino_ws/install/arduino_description/share/arduino_description/meshes/arms/Arm_C3.stl
-- Up-to-date: /home/drwise/arduino_ws/install/arduino_description/share/arduino_description/meshes/arms/Arm_C2 Triangle.stl
-- Up-to-date: /home/drwise/arduino_ws/install/arduino_description/share/arduino_description/meshes/arms/Arm_A1.stl
-- Up-to-date: /home/drwise/arduino_ws/install/arduino_description/share/arduino_description/meshes/arms/Arm_B1.stl
-- Up-to-date: /home/drwise/arduino_ws/install/arduino_description/share/arduino_description/meshes/Base.STL
-- Up-to-date: /home/drwise/arduino_ws/install/arduino_description/share/arduino_description/meshes/base
-- Up-to-date: /home/drwise/arduino_ws/install/arduino_description/share/arduino_description/meshes/base/Base.stl
-- Up-to-date: /home/drwise/arduino_ws/install/arduino_description/share/arduino_description/meshes/base/MountPlate - BasePlate.stl
-- Up-to-date: /home/drwise/arduino_ws/install/arduino_description/share/arduino_description/meshes/base/MountPlate - BaseClip.stl
-- Up-to-date: /home/drwise/arduino_ws/install/arduino_description/share/arduino_description/meshes/base/Base_Hub.stl
-- Up-to-date: /home/drwise/arduino_ws/install/arduino_description/share/arduino_description/meshes/base/MountPlate - BaseCover.stl
