[0.031s] Invoking command in '/home/drwise/arduino_ws/build/arduino_cpp_examples': CMAKE_PREFIX_PATH=${CMAKE_PREFIX_PATH}:/home/drwise/arduino_ws/install/arduino_py_examples:/opt/ros/jazzy DEBUGINFOD_URLS=https://debuginfod.ubuntu.com /usr/bin/cmake --build /home/drwise/arduino_ws/build/arduino_cpp_examples -- -j12 -l12
[0.119s] [ 50%] Built target simple_subscriber
[0.124s] [100%] Built target simple_publisher
[0.281s] Invoked command in '/home/drwise/arduino_ws/build/arduino_cpp_examples' returned '0': CMAKE_PREFIX_PATH=${CMAKE_PREFIX_PATH}:/home/drwise/arduino_ws/install/arduino_py_examples:/opt/ros/jazzy DEBUGINFOD_URLS=https://debuginfod.ubuntu.com /usr/bin/cmake --build /home/drwise/arduino_ws/build/arduino_cpp_examples -- -j12 -l12
[0.283s] Invoking command in '/home/drwise/arduino_ws/build/arduino_cpp_examples': CMAKE_PREFIX_PATH=${CMAKE_PREFIX_PATH}:/home/drwise/arduino_ws/install/arduino_py_examples:/opt/ros/jazzy DEBUGINFOD_URLS=https://debuginfod.ubuntu.com /usr/bin/cmake --install /home/drwise/arduino_ws/build/arduino_cpp_examples
[0.306s] -- Install configuration: ""
[0.306s] -- Up-to-date: /home/drwise/arduino_ws/install/arduino_cpp_examples/lib/arduino_cpp_examples/simple_publisher
[0.307s] -- Up-to-date: /home/drwise/arduino_ws/install/arduino_cpp_examples/lib/arduino_cpp_examples/simple_subscriber
[0.307s] -- Up-to-date: /home/drwise/arduino_ws/install/arduino_cpp_examples/share/ament_index/resource_index/package_run_dependencies/arduino_cpp_examples
[0.307s] -- Up-to-date: /home/drwise/arduino_ws/install/arduino_cpp_examples/share/ament_index/resource_index/parent_prefix_path/arduino_cpp_examples
[0.307s] -- Up-to-date: /home/drwise/arduino_ws/install/arduino_cpp_examples/share/arduino_cpp_examples/environment/ament_prefix_path.sh
[0.307s] -- Up-to-date: /home/drwise/arduino_ws/install/arduino_cpp_examples/share/arduino_cpp_examples/environment/ament_prefix_path.dsv
[0.308s] -- Up-to-date: /home/drwise/arduino_ws/install/arduino_cpp_examples/share/arduino_cpp_examples/environment/path.sh
[0.308s] -- Up-to-date: /home/drwise/arduino_ws/install/arduino_cpp_examples/share/arduino_cpp_examples/environment/path.dsv
[0.308s] -- Up-to-date: /home/drwise/arduino_ws/install/arduino_cpp_examples/share/arduino_cpp_examples/local_setup.bash
[0.309s] -- Up-to-date: /home/drwise/arduino_ws/install/arduino_cpp_examples/share/arduino_cpp_examples/local_setup.sh
[0.309s] -- Up-to-date: /home/drwise/arduino_ws/install/arduino_cpp_examples/share/arduino_cpp_examples/local_setup.zsh
[0.309s] -- Up-to-date: /home/drwise/arduino_ws/install/arduino_cpp_examples/share/arduino_cpp_examples/local_setup.dsv
[0.310s] -- Installing: /home/drwise/arduino_ws/install/arduino_cpp_examples/share/arduino_cpp_examples/package.dsv
[0.311s] -- Up-to-date: /home/drwise/arduino_ws/install/arduino_cpp_examples/share/ament_index/resource_index/packages/arduino_cpp_examples
[0.311s] -- Up-to-date: /home/drwise/arduino_ws/install/arduino_cpp_examples/share/arduino_cpp_examples/cmake/arduino_cpp_examplesConfig.cmake
[0.311s] -- Up-to-date: /home/drwise/arduino_ws/install/arduino_cpp_examples/share/arduino_cpp_examples/cmake/arduino_cpp_examplesConfig-version.cmake
[0.312s] -- Up-to-date: /home/drwise/arduino_ws/install/arduino_cpp_examples/share/arduino_cpp_examples/package.xml
[0.329s] Invoked command in '/home/drwise/arduino_ws/build/arduino_cpp_examples' returned '0': CMAKE_PREFIX_PATH=${CMAKE_PREFIX_PATH}:/home/drwise/arduino_ws/install/arduino_py_examples:/opt/ros/jazzy DEBUGINFOD_URLS=https://debuginfod.ubuntu.com /usr/bin/cmake --install /home/drwise/arduino_ws/build/arduino_cpp_examples
