[0.017s] Invoking command in '/home/drwise/arduino_ws/build/arduino_cpp_examples': CMAKE_PREFIX_PATH=${CMAKE_PREFIX_PATH}:/home/drwise/arduino_ws/install/arduino_py_examples:/opt/ros/jazzy DEBUGINFOD_URLS=https://debuginfod.ubuntu.com /usr/bin/cmake --build /home/drwise/arduino_ws/build/arduino_cpp_examples -- -j12 -l12
[0.088s] -- Found ament_cmake: 2.5.4 (/opt/ros/jazzy/share/ament_cmake/cmake)
[0.531s] -- Found rclcpp: 28.1.11 (/opt/ros/jazzy/share/rclcpp/cmake)
[0.676s] -- Found rosidl_generator_c: 4.6.6 (/opt/ros/jazzy/share/rosidl_generator_c/cmake)
[0.703s] -- Found rosidl_generator_cpp: 4.6.6 (/opt/ros/jazzy/share/rosidl_generator_cpp/cmake)
[0.756s] -- Using all available rosidl_typesupport_c: rosidl_typesupport_fastrtps_c;rosidl_typesupport_introspection_c
[0.792s] -- Using all available rosidl_typesupport_cpp: rosidl_typesupport_fastrtps_cpp;rosidl_typesupport_introspection_cpp
[0.982s] -- Found rmw_implementation_cmake: 7.3.2 (/opt/ros/jazzy/share/rmw_implementation_cmake/cmake)
[0.990s] -- Found rmw_fastrtps_cpp: 8.4.3 (/opt/ros/jazzy/share/rmw_fastrtps_cpp/cmake)
[1.216s] -- Found OpenSSL: /usr/lib/x86_64-linux-gnu/libcrypto.so (found version "3.0.13")  
[1.265s] -- Found FastRTPS: /opt/ros/jazzy/include (Required is at least version "2.13") 
[1.307s] -- Using RMW implementation 'rmw_fastrtps_cpp' as default
[1.477s] -- Found std_msgs: 5.3.6 (/opt/ros/jazzy/share/std_msgs/cmake)
[1.500s] -- Found ament_lint_auto: 0.17.3 (/opt/ros/jazzy/share/ament_lint_auto/cmake)
[1.661s] -- Added test 'cppcheck' to perform static code analysis on C / C++ code
[1.661s] -- Configured cppcheck include dirs: 
[1.661s] -- Configured cppcheck exclude dirs and/or files: 
[1.664s] -- Added test 'lint_cmake' to check CMake code style
[1.666s] -- Added test 'uncrustify' to check C / C++ code style
[1.666s] -- Configured uncrustify additional arguments: 
[1.667s] -- Added test 'xmllint' to check XML markup files
[1.669s] -- Configuring done (1.6s)
[1.682s] -- Generating done (0.0s)
[1.686s] -- Build files have been written to: /home/drwise/arduino_ws/build/arduino_cpp_examples
[1.760s] [ 50%] [32mBuilding CXX object CMakeFiles/simple_publisher.dir/src/simple_publisher.cpp.o[0m
[7.790s] [100%] [32m[1mLinking CXX executable simple_publisher[0m
[8.122s] [100%] Built target simple_publisher
[8.140s] Invoked command in '/home/drwise/arduino_ws/build/arduino_cpp_examples' returned '0': CMAKE_PREFIX_PATH=${CMAKE_PREFIX_PATH}:/home/drwise/arduino_ws/install/arduino_py_examples:/opt/ros/jazzy DEBUGINFOD_URLS=https://debuginfod.ubuntu.com /usr/bin/cmake --build /home/drwise/arduino_ws/build/arduino_cpp_examples -- -j12 -l12
[8.159s] Invoking command in '/home/drwise/arduino_ws/build/arduino_cpp_examples': CMAKE_PREFIX_PATH=${CMAKE_PREFIX_PATH}:/home/drwise/arduino_ws/install/arduino_py_examples:/opt/ros/jazzy DEBUGINFOD_URLS=https://debuginfod.ubuntu.com /usr/bin/cmake --install /home/drwise/arduino_ws/build/arduino_cpp_examples
[8.181s] -- Install configuration: ""
[8.182s] -- Installing: /home/drwise/arduino_ws/install/arduino_cpp_examples/lib/arduino_cpp_examples/simple_publisher
[8.184s] -- Set non-toolchain portion of runtime path of "/home/drwise/arduino_ws/install/arduino_cpp_examples/lib/arduino_cpp_examples/simple_publisher" to ""
[8.184s] -- Installing: /home/drwise/arduino_ws/install/arduino_cpp_examples/share/ament_index/resource_index/package_run_dependencies/arduino_cpp_examples
[8.185s] -- Installing: /home/drwise/arduino_ws/install/arduino_cpp_examples/share/ament_index/resource_index/parent_prefix_path/arduino_cpp_examples
[8.185s] -- Up-to-date: /home/drwise/arduino_ws/install/arduino_cpp_examples/share/arduino_cpp_examples/environment/ament_prefix_path.sh
[8.185s] -- Up-to-date: /home/drwise/arduino_ws/install/arduino_cpp_examples/share/arduino_cpp_examples/environment/ament_prefix_path.dsv
[8.185s] -- Up-to-date: /home/drwise/arduino_ws/install/arduino_cpp_examples/share/arduino_cpp_examples/environment/path.sh
[8.185s] -- Up-to-date: /home/drwise/arduino_ws/install/arduino_cpp_examples/share/arduino_cpp_examples/environment/path.dsv
[8.186s] -- Up-to-date: /home/drwise/arduino_ws/install/arduino_cpp_examples/share/arduino_cpp_examples/local_setup.bash
[8.186s] -- Up-to-date: /home/drwise/arduino_ws/install/arduino_cpp_examples/share/arduino_cpp_examples/local_setup.sh
[8.186s] -- Up-to-date: /home/drwise/arduino_ws/install/arduino_cpp_examples/share/arduino_cpp_examples/local_setup.zsh
[8.186s] -- Up-to-date: /home/drwise/arduino_ws/install/arduino_cpp_examples/share/arduino_cpp_examples/local_setup.dsv
[8.186s] -- Installing: /home/drwise/arduino_ws/install/arduino_cpp_examples/share/arduino_cpp_examples/package.dsv
[8.186s] -- Up-to-date: /home/drwise/arduino_ws/install/arduino_cpp_examples/share/ament_index/resource_index/packages/arduino_cpp_examples
[8.187s] -- Up-to-date: /home/drwise/arduino_ws/install/arduino_cpp_examples/share/arduino_cpp_examples/cmake/arduino_cpp_examplesConfig.cmake
[8.187s] -- Up-to-date: /home/drwise/arduino_ws/install/arduino_cpp_examples/share/arduino_cpp_examples/cmake/arduino_cpp_examplesConfig-version.cmake
[8.187s] -- Installing: /home/drwise/arduino_ws/install/arduino_cpp_examples/share/arduino_cpp_examples/package.xml
[8.189s] Invoked command in '/home/drwise/arduino_ws/build/arduino_cpp_examples' returned '0': CMAKE_PREFIX_PATH=${CMAKE_PREFIX_PATH}:/home/drwise/arduino_ws/install/arduino_py_examples:/opt/ros/jazzy DEBUGINFOD_URLS=https://debuginfod.ubuntu.com /usr/bin/cmake --install /home/drwise/arduino_ws/build/arduino_cpp_examples
