[0.023s] Invoking command in '/home/drwise/arduino_ws/build/arduino_cpp_examples': CMAKE_PREFIX_PATH=${CMAKE_PREFIX_PATH}:/home/drwise/arduino_ws/install/arduino_py_examples:/opt/ros/jazzy DEBUGINFOD_URLS=https://debuginfod.ubuntu.com /usr/bin/cmake --build /home/drwise/arduino_ws/build/arduino_cpp_examples -- -j12 -l12
[0.090s] -- Found ament_cmake: 2.5.4 (/opt/ros/jazzy/share/ament_cmake/cmake)
[0.652s] -- Found rclcpp: 28.1.11 (/opt/ros/jazzy/share/rclcpp/cmake)
[0.692s] -- Found rosidl_generator_c: 4.6.6 (/opt/ros/jazzy/share/rosidl_generator_c/cmake)
[0.709s] -- Found rosidl_generator_cpp: 4.6.6 (/opt/ros/jazzy/share/rosidl_generator_cpp/cmake)
[0.727s] -- Using all available rosidl_typesupport_c: rosidl_typesupport_fastrtps_c;rosidl_typesupport_introspection_c
[0.755s] -- Using all available rosidl_typesupport_cpp: rosidl_typesupport_fastrtps_cpp;rosidl_typesupport_introspection_cpp
[0.872s] -- Found rmw_implementation_cmake: 7.3.2 (/opt/ros/jazzy/share/rmw_implementation_cmake/cmake)
[0.874s] -- Found rmw_fastrtps_cpp: 8.4.3 (/opt/ros/jazzy/share/rmw_fastrtps_cpp/cmake)
[1.021s] -- Using RMW implementation 'rmw_fastrtps_cpp' as default
[1.171s] -- Found std_msgs: 5.3.6 (/opt/ros/jazzy/share/std_msgs/cmake)
[1.204s] -- Found ament_lint_auto: 0.17.3 (/opt/ros/jazzy/share/ament_lint_auto/cmake)
[1.382s] -- Added test 'cppcheck' to perform static code analysis on C / C++ code
[1.382s] -- Configured cppcheck include dirs: 
[1.382s] -- Configured cppcheck exclude dirs and/or files: 
[1.383s] -- Added test 'lint_cmake' to check CMake code style
[1.383s] -- Added test 'uncrustify' to check C / C++ code style
[1.384s] -- Configured uncrustify additional arguments: 
[1.384s] -- Added test 'xmllint' to check XML markup files
[1.385s] -- Configuring done (1.3s)
[1.401s] -- Generating done (0.0s)
[1.405s] -- Build files have been written to: /home/drwise/arduino_ws/build/arduino_cpp_examples
[1.489s] [ 25%] [32mBuilding CXX object CMakeFiles/simple_subscriber.dir/src/simple_subscriber.cpp.o[0m
[1.502s] [ 75%] Built target simple_publisher
[1.510s] [01m[K/home/drwise/arduino_ws/src/arduino_cpp_examples/src/simple_subscriber.cpp:1:9:[m[K [01;31m[Kfatal error: [m[Krclcpp/rclcpp.hpp: No such file or directory
[1.510s]     1 | #include[01;31m[K<rclcpp/rclcpp.hpp>[m[K
[1.511s]       |         [01;31m[K^~~~~~~~~~~~~~~~~~~[m[K
[1.511s] compilation terminated.
[1.512s] gmake[2]: *** [CMakeFiles/simple_subscriber.dir/build.make:76: CMakeFiles/simple_subscriber.dir/src/simple_subscriber.cpp.o] Error 1
[1.513s] gmake[1]: *** [CMakeFiles/Makefile2:165: CMakeFiles/simple_subscriber.dir/all] Error 2
[1.513s] gmake: *** [Makefile:146: all] Error 2
[1.517s] Invoked command in '/home/drwise/arduino_ws/build/arduino_cpp_examples' returned '2': CMAKE_PREFIX_PATH=${CMAKE_PREFIX_PATH}:/home/drwise/arduino_ws/install/arduino_py_examples:/opt/ros/jazzy DEBUGINFOD_URLS=https://debuginfod.ubuntu.com /usr/bin/cmake --build /home/drwise/arduino_ws/build/arduino_cpp_examples -- -j12 -l12
