[0.025s] Invoking command in '/home/drwise/arduino_ws/build/arduino_description': CMAKE_PREFIX_PATH=${CMAKE_PREFIX_PATH}:/home/drwise/arduino_ws/install/arduino_py_examples:/opt/ros/jazzy DEBUGINFOD_URLS=https://debuginfod.ubuntu.com /usr/bin/cmake --build /home/drwise/arduino_ws/build/arduino_description -- -j12 -l12
[0.287s] Invoked command in '/home/drwise/arduino_ws/build/arduino_description' returned '0': CMAKE_PREFIX_PATH=${CMAKE_PREFIX_PATH}:/home/drwise/arduino_ws/install/arduino_py_examples:/opt/ros/jazzy DEBUGINFOD_URLS=https://debuginfod.ubuntu.com /usr/bin/cmake --build /home/drwise/arduino_ws/build/arduino_description -- -j12 -l12
[0.303s] Invoking command in '/home/drwise/arduino_ws/build/arduino_description': CMAKE_PREFIX_PATH=${CMAKE_PREFIX_PATH}:/home/drwise/arduino_ws/install/arduino_py_examples:/opt/ros/jazzy DEBUGINFOD_URLS=https://debuginfod.ubuntu.com /usr/bin/cmake --install /home/drwise/arduino_ws/build/arduino_description
[0.316s] -- Install configuration: ""
[0.316s] -- Up-to-date: /home/drwise/arduino_ws/install/arduino_description/share/arduino_description/meshes
[0.317s] -- Up-to-date: /home/drwise/arduino_ws/install/arduino_description/share/arduino_description/meshes/End Effector
[0.317s] -- Up-to-date: /home/drwise/arduino_ws/install/arduino_description/share/arduino_description/meshes/End Effector/Grip_base - Part 2.stl
[0.317s] -- Up-to-date: /home/drwise/arduino_ws/install/arduino_description/share/arduino_description/meshes/End Effector/Spacer small.stl
[0.318s] -- Up-to-date: /home/drwise/arduino_ws/install/arduino_description/share/arduino_description/meshes/End Effector/Grip_G2_Left.stl
[0.318s] -- Up-to-date: /home/drwise/arduino_ws/install/arduino_description/share/arduino_description/meshes/End Effector/Grip_Plate_2.stl
[0.318s] -- Up-to-date: /home/drwise/arduino_ws/install/arduino_description/share/arduino_description/meshes/End Effector/Gripper_ServoArm - Part 2.stl
[0.318s] -- Up-to-date: /home/drwise/arduino_ws/install/arduino_description/share/arduino_description/meshes/End Effector/Grip_base - Part 1.stl
[0.318s] -- Up-to-date: /home/drwise/arduino_ws/install/arduino_description/share/arduino_description/meshes/End Effector/Grip_Plate_1.stl
[0.319s] -- Up-to-date: /home/drwise/arduino_ws/install/arduino_description/share/arduino_description/meshes/End Effector/Grip_G2_Right.stl
[0.319s] -- Up-to-date: /home/drwise/arduino_ws/install/arduino_description/share/arduino_description/meshes/End Effector/Gripper_ServoArm - Part 1.stl
[0.319s] -- Up-to-date: /home/drwise/arduino_ws/install/arduino_description/share/arduino_description/meshes/arms
[0.319s] -- Up-to-date: /home/drwise/arduino_ws/install/arduino_description/share/arduino_description/meshes/arms/Arm_B2.stl
[0.320s] -- Up-to-date: /home/drwise/arduino_ws/install/arduino_description/share/arduino_description/meshes/arms/Arm_A2.stl
[0.320s] -- Up-to-date: /home/drwise/arduino_ws/install/arduino_description/share/arduino_description/meshes/arms/Arm_C3.stl
[0.321s] -- Up-to-date: /home/drwise/arduino_ws/install/arduino_description/share/arduino_description/meshes/arms/Arm_C2 Triangle.stl
[0.322s] -- Up-to-date: /home/drwise/arduino_ws/install/arduino_description/share/arduino_description/meshes/arms/Arm_A1.stl
[0.323s] -- Up-to-date: /home/drwise/arduino_ws/install/arduino_description/share/arduino_description/meshes/arms/Arm_B1.stl
[0.323s] -- Up-to-date: /home/drwise/arduino_ws/install/arduino_description/share/arduino_description/meshes/Base.STL
[0.324s] -- Up-to-date: /home/drwise/arduino_ws/install/arduino_description/share/arduino_description/meshes/base
[0.324s] -- Up-to-date: /home/drwise/arduino_ws/install/arduino_description/share/arduino_description/meshes/base/Base.stl
[0.325s] -- Up-to-date: /home/drwise/arduino_ws/install/arduino_description/share/arduino_description/meshes/base/Base_Hub.stl
[0.325s] -- Up-to-date: /home/drwise/arduino_ws/install/arduino_description/share/arduino_description/meshes/base/MountPlate_BasePlate.stl
[0.327s] -- Up-to-date: /home/drwise/arduino_ws/install/arduino_description/share/arduino_description/meshes/base/MountPlate_BaseCover.stl
[0.327s] -- Up-to-date: /home/drwise/arduino_ws/install/arduino_description/share/arduino_description/meshes/base/MountPlate_BaseClip.stl
[0.328s] -- Up-to-date: /home/drwise/arduino_ws/install/arduino_description/share/arduino_description/urdf
[0.328s] -- Installing: /home/drwise/arduino_ws/install/arduino_description/share/arduino_description/urdf/arduino_urldf.xacro
[0.328s] -- Up-to-date: /home/drwise/arduino_ws/install/arduino_description/share/ament_index/resource_index/package_run_dependencies/arduino_description
[0.328s] -- Up-to-date: /home/drwise/arduino_ws/install/arduino_description/share/ament_index/resource_index/parent_prefix_path/arduino_description
[0.329s] -- Up-to-date: /home/drwise/arduino_ws/install/arduino_description/share/arduino_description/environment/ament_prefix_path.sh
[0.329s] -- Up-to-date: /home/drwise/arduino_ws/install/arduino_description/share/arduino_description/environment/ament_prefix_path.dsv
[0.329s] -- Up-to-date: /home/drwise/arduino_ws/install/arduino_description/share/arduino_description/environment/path.sh
[0.330s] -- Up-to-date: /home/drwise/arduino_ws/install/arduino_description/share/arduino_description/environment/path.dsv
[0.330s] -- Up-to-date: /home/drwise/arduino_ws/install/arduino_description/share/arduino_description/local_setup.bash
[0.332s] -- Up-to-date: /home/drwise/arduino_ws/install/arduino_description/share/arduino_description/local_setup.sh
[0.334s] -- Up-to-date: /home/drwise/arduino_ws/install/arduino_description/share/arduino_description/local_setup.zsh
[0.334s] -- Up-to-date: /home/drwise/arduino_ws/install/arduino_description/share/arduino_description/local_setup.dsv
[0.335s] -- Installing: /home/drwise/arduino_ws/install/arduino_description/share/arduino_description/package.dsv
[0.335s] -- Up-to-date: /home/drwise/arduino_ws/install/arduino_description/share/ament_index/resource_index/packages/arduino_description
[0.335s] -- Up-to-date: /home/drwise/arduino_ws/install/arduino_description/share/arduino_description/cmake/arduino_descriptionConfig.cmake
[0.336s] -- Up-to-date: /home/drwise/arduino_ws/install/arduino_description/share/arduino_description/cmake/arduino_descriptionConfig-version.cmake
[0.336s] -- Up-to-date: /home/drwise/arduino_ws/install/arduino_description/share/arduino_description/package.xml
[0.336s] Invoked command in '/home/drwise/arduino_ws/build/arduino_description' returned '0': CMAKE_PREFIX_PATH=${CMAKE_PREFIX_PATH}:/home/drwise/arduino_ws/install/arduino_py_examples:/opt/ros/jazzy DEBUGINFOD_URLS=https://debuginfod.ubuntu.com /usr/bin/cmake --install /home/drwise/arduino_ws/build/arduino_description
