[0.019s] Invoking command in '/home/drwise/arduino_ws/build/arduino_description': CMAKE_PREFIX_PATH=${CMAKE_PREFIX_PATH}:/home/drwise/arduino_ws/install/arduino_py_examples:/opt/ros/jazzy DEBUGINFOD_URLS=https://debuginfod.ubuntu.com /usr/bin/cmake --build /home/drwise/arduino_ws/build/arduino_description -- -j12 -l12
[0.223s] Invoked command in '/home/drwise/arduino_ws/build/arduino_description' returned '0': CMAKE_PREFIX_PATH=${CMAKE_PREFIX_PATH}:/home/drwise/arduino_ws/install/arduino_py_examples:/opt/ros/jazzy DEBUGINFOD_URLS=https://debuginfod.ubuntu.com /usr/bin/cmake --build /home/drwise/arduino_ws/build/arduino_description -- -j12 -l12
[0.232s] Invoking command in '/home/drwise/arduino_ws/build/arduino_description': CMAKE_PREFIX_PATH=${CMAKE_PREFIX_PATH}:/home/drwise/arduino_ws/install/arduino_py_examples:/opt/ros/jazzy DEBUGINFOD_URLS=https://debuginfod.ubuntu.com /usr/bin/cmake --install /home/drwise/arduino_ws/build/arduino_description
[0.252s] -- Install configuration: ""
[0.252s] -- Up-to-date: /home/drwise/arduino_ws/install/arduino_description/share//meshes
[0.252s] -- Up-to-date: /home/drwise/arduino_ws/install/arduino_description/share//meshes/Base.stl
[0.253s] -- Up-to-date: /home/drwise/arduino_ws/install/arduino_description/share//meshes/End Effector
[0.253s] -- Up-to-date: /home/drwise/arduino_ws/install/arduino_description/share//meshes/End Effector/Grip_base - Part 2.stl
[0.253s] -- Up-to-date: /home/drwise/arduino_ws/install/arduino_description/share//meshes/End Effector/Spacer small.stl
[0.253s] -- Up-to-date: /home/drwise/arduino_ws/install/arduino_description/share//meshes/End Effector/Grip_G2_Left.stl
[0.254s] -- Up-to-date: /home/drwise/arduino_ws/install/arduino_description/share//meshes/End Effector/Grip_Plate_2.stl
[0.255s] -- Up-to-date: /home/drwise/arduino_ws/install/arduino_description/share//meshes/End Effector/Gripper_ServoArm - Part 2.stl
[0.255s] -- Up-to-date: /home/drwise/arduino_ws/install/arduino_description/share//meshes/End Effector/Grip_base - Part 1.stl
[0.255s] -- Up-to-date: /home/drwise/arduino_ws/install/arduino_description/share//meshes/End Effector/Grip_Plate_1.stl
[0.256s] -- Up-to-date: /home/drwise/arduino_ws/install/arduino_description/share//meshes/End Effector/Grip_G2_Right.stl
[0.256s] -- Up-to-date: /home/drwise/arduino_ws/install/arduino_description/share//meshes/End Effector/Gripper_ServoArm - Part 1.stl
[0.256s] -- Up-to-date: /home/drwise/arduino_ws/install/arduino_description/share//meshes/arms
[0.257s] -- Up-to-date: /home/drwise/arduino_ws/install/arduino_description/share//meshes/arms/Arm_B2.stl
[0.257s] -- Up-to-date: /home/drwise/arduino_ws/install/arduino_description/share//meshes/arms/Arm_A2.stl
[0.258s] -- Up-to-date: /home/drwise/arduino_ws/install/arduino_description/share//meshes/arms/Arm_C3.stl
[0.258s] -- Up-to-date: /home/drwise/arduino_ws/install/arduino_description/share//meshes/arms/Arm_C2 Triangle.stl
[0.259s] -- Up-to-date: /home/drwise/arduino_ws/install/arduino_description/share//meshes/arms/Arm_A1.stl
[0.259s] -- Up-to-date: /home/drwise/arduino_ws/install/arduino_description/share//meshes/arms/Arm_B1.stl
[0.260s] -- Up-to-date: /home/drwise/arduino_ws/install/arduino_description/share//meshes/base
[0.260s] -- Up-to-date: /home/drwise/arduino_ws/install/arduino_description/share//meshes/base/Base.stl
[0.260s] -- Up-to-date: /home/drwise/arduino_ws/install/arduino_description/share//meshes/base/MountPlate - BasePlate.stl
[0.261s] -- Up-to-date: /home/drwise/arduino_ws/install/arduino_description/share//meshes/base/MountPlate - BaseClip.stl
[0.261s] -- Up-to-date: /home/drwise/arduino_ws/install/arduino_description/share//meshes/base/Base_Hub.stl
[0.262s] -- Up-to-date: /home/drwise/arduino_ws/install/arduino_description/share//meshes/base/MountPlate - BaseCover.stl
[0.263s] -- Up-to-date: /home/drwise/arduino_ws/install/arduino_description/share//urdf
[0.263s] -- Installing: /home/drwise/arduino_ws/install/arduino_description/share//urdf/arduino_urldf.xacro
[0.264s] -- Up-to-date: /home/drwise/arduino_ws/install/arduino_description/share/ament_index/resource_index/package_run_dependencies/arduino_description
[0.264s] -- Up-to-date: /home/drwise/arduino_ws/install/arduino_description/share/ament_index/resource_index/parent_prefix_path/arduino_description
[0.264s] -- Up-to-date: /home/drwise/arduino_ws/install/arduino_description/share/arduino_description/environment/ament_prefix_path.sh
[0.265s] -- Up-to-date: /home/drwise/arduino_ws/install/arduino_description/share/arduino_description/environment/ament_prefix_path.dsv
[0.265s] -- Up-to-date: /home/drwise/arduino_ws/install/arduino_description/share/arduino_description/environment/path.sh
[0.266s] -- Up-to-date: /home/drwise/arduino_ws/install/arduino_description/share/arduino_description/environment/path.dsv
[0.266s] -- Up-to-date: /home/drwise/arduino_ws/install/arduino_description/share/arduino_description/local_setup.bash
[0.267s] -- Up-to-date: /home/drwise/arduino_ws/install/arduino_description/share/arduino_description/local_setup.sh
[0.267s] -- Up-to-date: /home/drwise/arduino_ws/install/arduino_description/share/arduino_description/local_setup.zsh
[0.267s] -- Up-to-date: /home/drwise/arduino_ws/install/arduino_description/share/arduino_description/local_setup.dsv
[0.268s] -- Installing: /home/drwise/arduino_ws/install/arduino_description/share/arduino_description/package.dsv
[0.268s] -- Up-to-date: /home/drwise/arduino_ws/install/arduino_description/share/ament_index/resource_index/packages/arduino_description
[0.268s] -- Up-to-date: /home/drwise/arduino_ws/install/arduino_description/share/arduino_description/cmake/arduino_descriptionConfig.cmake
[0.269s] -- Up-to-date: /home/drwise/arduino_ws/install/arduino_description/share/arduino_description/cmake/arduino_descriptionConfig-version.cmake
[0.269s] -- Up-to-date: /home/drwise/arduino_ws/install/arduino_description/share/arduino_description/package.xml
[0.290s] Invoked command in '/home/drwise/arduino_ws/build/arduino_description' returned '0': CMAKE_PREFIX_PATH=${CMAKE_PREFIX_PATH}:/home/drwise/arduino_ws/install/arduino_py_examples:/opt/ros/jazzy DEBUGINFOD_URLS=https://debuginfod.ubuntu.com /usr/bin/cmake --install /home/drwise/arduino_ws/build/arduino_description
