[0.091s] DEBUG:colcon:Command line arguments: ['/usr/bin/colcon', 'build']
[0.091s] DEBUG:colcon:Parsed command line arguments: Namespace(log_base=None, log_level=None, verb_name='build', build_base='build', install_base='install', merge_install=False, symlink_install=False, test_result_base=None, continue_on_error=False, executor='parallel', parallel_workers=12, event_handlers=None, ignore_user_meta=False, metas=['./colcon.meta'], base_paths=['.'], packages_ignore=None, packages_ignore_regex=None, paths=None, packages_up_to=None, packages_up_to_regex=None, packages_above=None, packages_above_and_dependencies=None, packages_above_depth=None, packages_select_by_dep=None, packages_skip_by_dep=None, packages_skip_up_to=None, packages_select_build_failed=False, packages_skip_build_finished=False, packages_select_test_failures=False, packages_skip_test_passed=False, packages_select=None, packages_skip=None, packages_select_regex=None, packages_skip_regex=None, packages_start=None, packages_end=None, allow_overriding=[], cmake_args=None, cmake_target=None, cmake_target_skip_unavailable=False, cmake_clean_cache=False, cmake_clean_first=False, cmake_force_configure=False, ament_cmake_args=None, catkin_cmake_args=None, catkin_skip_building_tests=False, mixin_files=None, mixin=None, verb_parser=<colcon_mixin.mixin.mixin_argument.MixinArgumentDecorator object at 0x71cb8f2a84a0>, verb_extension=<colcon_core.verb.build.BuildVerb object at 0x71cb8f2a80e0>, main=<bound method BuildVerb.main of <colcon_core.verb.build.BuildVerb object at 0x71cb8f2a80e0>>, mixin_verb=('build',))
[0.119s] Level 1:colcon.colcon_core.package_discovery:discover_packages(colcon_meta) check parameters
[0.120s] Level 1:colcon.colcon_core.package_discovery:discover_packages(recursive) check parameters
[0.120s] Level 1:colcon.colcon_core.package_discovery:discover_packages(ignore) check parameters
[0.120s] Level 1:colcon.colcon_core.package_discovery:discover_packages(path) check parameters
[0.120s] Level 1:colcon.colcon_core.package_discovery:discover_packages(colcon_meta) discover
[0.120s] Level 1:colcon.colcon_core.package_discovery:discover_packages(recursive) discover
[0.120s] INFO:colcon.colcon_core.package_discovery:Crawling recursively for packages in '/home/drwise/arduino_ws'
[0.120s] Level 1:colcon.colcon_core.package_identification:_identify(.) by extensions ['ignore', 'ignore_ament_install']
[0.120s] Level 1:colcon.colcon_core.package_identification:_identify(.) by extension 'ignore'
[0.120s] Level 1:colcon.colcon_core.package_identification:_identify(.) by extension 'ignore_ament_install'
[0.120s] Level 1:colcon.colcon_core.package_identification:_identify(.) by extensions ['colcon_pkg']
[0.120s] Level 1:colcon.colcon_core.package_identification:_identify(.) by extension 'colcon_pkg'
[0.120s] Level 1:colcon.colcon_core.package_identification:_identify(.) by extensions ['colcon_meta']
[0.120s] Level 1:colcon.colcon_core.package_identification:_identify(.) by extension 'colcon_meta'
[0.120s] Level 1:colcon.colcon_core.package_identification:_identify(.) by extensions ['ros']
[0.120s] Level 1:colcon.colcon_core.package_identification:_identify(.) by extension 'ros'
[0.140s] Level 1:colcon.colcon_core.package_identification:_identify(.) by extensions ['cmake', 'python']
[0.140s] Level 1:colcon.colcon_core.package_identification:_identify(.) by extension 'cmake'
[0.140s] Level 1:colcon.colcon_core.package_identification:_identify(.) by extension 'python'
[0.140s] Level 1:colcon.colcon_core.package_identification:_identify(.) by extensions ['python_setup_py']
[0.140s] Level 1:colcon.colcon_core.package_identification:_identify(.) by extension 'python_setup_py'
[0.141s] Level 1:colcon.colcon_core.package_identification:_identify(build) by extensions ['ignore', 'ignore_ament_install']
[0.141s] Level 1:colcon.colcon_core.package_identification:_identify(build) by extension 'ignore'
[0.141s] Level 1:colcon.colcon_core.package_identification:_identify(build) ignored
[0.141s] Level 1:colcon.colcon_core.package_identification:_identify(install) by extensions ['ignore', 'ignore_ament_install']
[0.141s] Level 1:colcon.colcon_core.package_identification:_identify(install) by extension 'ignore'
[0.141s] Level 1:colcon.colcon_core.package_identification:_identify(install) ignored
[0.141s] Level 1:colcon.colcon_core.package_identification:_identify(log) by extensions ['ignore', 'ignore_ament_install']
[0.141s] Level 1:colcon.colcon_core.package_identification:_identify(log) by extension 'ignore'
[0.141s] Level 1:colcon.colcon_core.package_identification:_identify(log) ignored
[0.141s] Level 1:colcon.colcon_core.package_identification:_identify(src) by extensions ['ignore', 'ignore_ament_install']
[0.141s] Level 1:colcon.colcon_core.package_identification:_identify(src) by extension 'ignore'
[0.141s] Level 1:colcon.colcon_core.package_identification:_identify(src) by extension 'ignore_ament_install'
[0.141s] Level 1:colcon.colcon_core.package_identification:_identify(src) by extensions ['colcon_pkg']
[0.141s] Level 1:colcon.colcon_core.package_identification:_identify(src) by extension 'colcon_pkg'
[0.141s] Level 1:colcon.colcon_core.package_identification:_identify(src) by extensions ['colcon_meta']
[0.141s] Level 1:colcon.colcon_core.package_identification:_identify(src) by extension 'colcon_meta'
[0.141s] Level 1:colcon.colcon_core.package_identification:_identify(src) by extensions ['ros']
[0.142s] Level 1:colcon.colcon_core.package_identification:_identify(src) by extension 'ros'
[0.142s] Level 1:colcon.colcon_core.package_identification:_identify(src) by extensions ['cmake', 'python']
[0.142s] Level 1:colcon.colcon_core.package_identification:_identify(src) by extension 'cmake'
[0.142s] Level 1:colcon.colcon_core.package_identification:_identify(src) by extension 'python'
[0.142s] Level 1:colcon.colcon_core.package_identification:_identify(src) by extensions ['python_setup_py']
[0.142s] Level 1:colcon.colcon_core.package_identification:_identify(src) by extension 'python_setup_py'
[0.142s] Level 1:colcon.colcon_core.package_identification:_identify(src/arduino_cpp_examples) by extensions ['ignore', 'ignore_ament_install']
[0.142s] Level 1:colcon.colcon_core.package_identification:_identify(src/arduino_cpp_examples) by extension 'ignore'
[0.142s] Level 1:colcon.colcon_core.package_identification:_identify(src/arduino_cpp_examples) by extension 'ignore_ament_install'
[0.142s] Level 1:colcon.colcon_core.package_identification:_identify(src/arduino_cpp_examples) by extensions ['colcon_pkg']
[0.142s] Level 1:colcon.colcon_core.package_identification:_identify(src/arduino_cpp_examples) by extension 'colcon_pkg'
[0.142s] Level 1:colcon.colcon_core.package_identification:_identify(src/arduino_cpp_examples) by extensions ['colcon_meta']
[0.142s] Level 1:colcon.colcon_core.package_identification:_identify(src/arduino_cpp_examples) by extension 'colcon_meta'
[0.142s] Level 1:colcon.colcon_core.package_identification:_identify(src/arduino_cpp_examples) by extensions ['ros']
[0.142s] Level 1:colcon.colcon_core.package_identification:_identify(src/arduino_cpp_examples) by extension 'ros'
[0.144s] DEBUG:colcon.colcon_core.package_identification:Package 'src/arduino_cpp_examples' with type 'ros.ament_cmake' and name 'arduino_cpp_examples'
[0.144s] Level 1:colcon.colcon_core.package_identification:_identify(src/arduino_description) by extensions ['ignore', 'ignore_ament_install']
[0.144s] Level 1:colcon.colcon_core.package_identification:_identify(src/arduino_description) by extension 'ignore'
[0.145s] Level 1:colcon.colcon_core.package_identification:_identify(src/arduino_description) by extension 'ignore_ament_install'
[0.145s] Level 1:colcon.colcon_core.package_identification:_identify(src/arduino_description) by extensions ['colcon_pkg']
[0.145s] Level 1:colcon.colcon_core.package_identification:_identify(src/arduino_description) by extension 'colcon_pkg'
[0.145s] Level 1:colcon.colcon_core.package_identification:_identify(src/arduino_description) by extensions ['colcon_meta']
[0.145s] Level 1:colcon.colcon_core.package_identification:_identify(src/arduino_description) by extension 'colcon_meta'
[0.145s] Level 1:colcon.colcon_core.package_identification:_identify(src/arduino_description) by extensions ['ros']
[0.145s] Level 1:colcon.colcon_core.package_identification:_identify(src/arduino_description) by extension 'ros'
[0.145s] DEBUG:colcon.colcon_core.package_identification:Package 'src/arduino_description' with type 'ros.ament_cmake' and name 'arduino_description'
[0.145s] Level 1:colcon.colcon_core.package_identification:_identify(src/arduino_py_examples) by extensions ['ignore', 'ignore_ament_install']
[0.145s] Level 1:colcon.colcon_core.package_identification:_identify(src/arduino_py_examples) by extension 'ignore'
[0.145s] Level 1:colcon.colcon_core.package_identification:_identify(src/arduino_py_examples) by extension 'ignore_ament_install'
[0.145s] Level 1:colcon.colcon_core.package_identification:_identify(src/arduino_py_examples) by extensions ['colcon_pkg']
[0.145s] Level 1:colcon.colcon_core.package_identification:_identify(src/arduino_py_examples) by extension 'colcon_pkg'
[0.146s] Level 1:colcon.colcon_core.package_identification:_identify(src/arduino_py_examples) by extensions ['colcon_meta']
[0.146s] Level 1:colcon.colcon_core.package_identification:_identify(src/arduino_py_examples) by extension 'colcon_meta'
[0.146s] Level 1:colcon.colcon_core.package_identification:_identify(src/arduino_py_examples) by extensions ['ros']
[0.146s] Level 1:colcon.colcon_core.package_identification:_identify(src/arduino_py_examples) by extension 'ros'
[0.146s] DEBUG:colcon.colcon_core.package_identification:Package 'src/arduino_py_examples' with type 'ros.ament_python' and name 'arduino_py_examples'
[0.146s] Level 1:colcon.colcon_core.package_discovery:discover_packages(recursive) using defaults
[0.146s] Level 1:colcon.colcon_core.package_discovery:discover_packages(ignore) discover
[0.146s] Level 1:colcon.colcon_core.package_discovery:discover_packages(ignore) using defaults
[0.146s] Level 1:colcon.colcon_core.package_discovery:discover_packages(path) discover
[0.146s] Level 1:colcon.colcon_core.package_discovery:discover_packages(path) using defaults
[0.160s] Level 1:colcon.colcon_core.package_discovery:discover_packages(prefix_path) check parameters
[0.160s] Level 1:colcon.colcon_core.package_discovery:discover_packages(prefix_path) discover
[0.162s] DEBUG:colcon.colcon_installed_package_information.package_discovery:Found 3 installed packages in /home/drwise/arduino_ws/install
[0.163s] DEBUG:colcon.colcon_installed_package_information.package_discovery:Found 409 installed packages in /opt/ros/jazzy
[0.164s] Level 1:colcon.colcon_core.package_discovery:discover_packages(prefix_path) using defaults
[0.199s] Level 5:colcon.colcon_core.verb:set package 'arduino_cpp_examples' build argument 'cmake_args' from command line to 'None'
[0.199s] Level 5:colcon.colcon_core.verb:set package 'arduino_cpp_examples' build argument 'cmake_target' from command line to 'None'
[0.200s] Level 5:colcon.colcon_core.verb:set package 'arduino_cpp_examples' build argument 'cmake_target_skip_unavailable' from command line to 'False'
[0.200s] Level 5:colcon.colcon_core.verb:set package 'arduino_cpp_examples' build argument 'cmake_clean_cache' from command line to 'False'
[0.200s] Level 5:colcon.colcon_core.verb:set package 'arduino_cpp_examples' build argument 'cmake_clean_first' from command line to 'False'
[0.200s] Level 5:colcon.colcon_core.verb:set package 'arduino_cpp_examples' build argument 'cmake_force_configure' from command line to 'False'
[0.200s] Level 5:colcon.colcon_core.verb:set package 'arduino_cpp_examples' build argument 'ament_cmake_args' from command line to 'None'
[0.200s] Level 5:colcon.colcon_core.verb:set package 'arduino_cpp_examples' build argument 'catkin_cmake_args' from command line to 'None'
[0.200s] Level 5:colcon.colcon_core.verb:set package 'arduino_cpp_examples' build argument 'catkin_skip_building_tests' from command line to 'False'
[0.200s] DEBUG:colcon.colcon_core.verb:Building package 'arduino_cpp_examples' with the following arguments: {'ament_cmake_args': None, 'build_base': '/home/drwise/arduino_ws/build/arduino_cpp_examples', 'catkin_cmake_args': None, 'catkin_skip_building_tests': False, 'cmake_args': None, 'cmake_clean_cache': False, 'cmake_clean_first': False, 'cmake_force_configure': False, 'cmake_target': None, 'cmake_target_skip_unavailable': False, 'install_base': '/home/drwise/arduino_ws/install/arduino_cpp_examples', 'merge_install': False, 'path': '/home/drwise/arduino_ws/src/arduino_cpp_examples', 'symlink_install': False, 'test_result_base': None}
[0.200s] Level 5:colcon.colcon_core.verb:set package 'arduino_description' build argument 'cmake_args' from command line to 'None'
[0.200s] Level 5:colcon.colcon_core.verb:set package 'arduino_description' build argument 'cmake_target' from command line to 'None'
[0.200s] Level 5:colcon.colcon_core.verb:set package 'arduino_description' build argument 'cmake_target_skip_unavailable' from command line to 'False'
[0.200s] Level 5:colcon.colcon_core.verb:set package 'arduino_description' build argument 'cmake_clean_cache' from command line to 'False'
[0.200s] Level 5:colcon.colcon_core.verb:set package 'arduino_description' build argument 'cmake_clean_first' from command line to 'False'
[0.200s] Level 5:colcon.colcon_core.verb:set package 'arduino_description' build argument 'cmake_force_configure' from command line to 'False'
[0.200s] Level 5:colcon.colcon_core.verb:set package 'arduino_description' build argument 'ament_cmake_args' from command line to 'None'
[0.200s] Level 5:colcon.colcon_core.verb:set package 'arduino_description' build argument 'catkin_cmake_args' from command line to 'None'
[0.200s] Level 5:colcon.colcon_core.verb:set package 'arduino_description' build argument 'catkin_skip_building_tests' from command line to 'False'
[0.200s] DEBUG:colcon.colcon_core.verb:Building package 'arduino_description' with the following arguments: {'ament_cmake_args': None, 'build_base': '/home/drwise/arduino_ws/build/arduino_description', 'catkin_cmake_args': None, 'catkin_skip_building_tests': False, 'cmake_args': None, 'cmake_clean_cache': False, 'cmake_clean_first': False, 'cmake_force_configure': False, 'cmake_target': None, 'cmake_target_skip_unavailable': False, 'install_base': '/home/drwise/arduino_ws/install/arduino_description', 'merge_install': False, 'path': '/home/drwise/arduino_ws/src/arduino_description', 'symlink_install': False, 'test_result_base': None}
[0.200s] Level 5:colcon.colcon_core.verb:set package 'arduino_py_examples' build argument 'cmake_args' from command line to 'None'
[0.200s] Level 5:colcon.colcon_core.verb:set package 'arduino_py_examples' build argument 'cmake_target' from command line to 'None'
[0.200s] Level 5:colcon.colcon_core.verb:set package 'arduino_py_examples' build argument 'cmake_target_skip_unavailable' from command line to 'False'
[0.200s] Level 5:colcon.colcon_core.verb:set package 'arduino_py_examples' build argument 'cmake_clean_cache' from command line to 'False'
[0.200s] Level 5:colcon.colcon_core.verb:set package 'arduino_py_examples' build argument 'cmake_clean_first' from command line to 'False'
[0.200s] Level 5:colcon.colcon_core.verb:set package 'arduino_py_examples' build argument 'cmake_force_configure' from command line to 'False'
[0.200s] Level 5:colcon.colcon_core.verb:set package 'arduino_py_examples' build argument 'ament_cmake_args' from command line to 'None'
[0.200s] Level 5:colcon.colcon_core.verb:set package 'arduino_py_examples' build argument 'catkin_cmake_args' from command line to 'None'
[0.200s] Level 5:colcon.colcon_core.verb:set package 'arduino_py_examples' build argument 'catkin_skip_building_tests' from command line to 'False'
[0.201s] DEBUG:colcon.colcon_core.verb:Building package 'arduino_py_examples' with the following arguments: {'ament_cmake_args': None, 'build_base': '/home/drwise/arduino_ws/build/arduino_py_examples', 'catkin_cmake_args': None, 'catkin_skip_building_tests': False, 'cmake_args': None, 'cmake_clean_cache': False, 'cmake_clean_first': False, 'cmake_force_configure': False, 'cmake_target': None, 'cmake_target_skip_unavailable': False, 'install_base': '/home/drwise/arduino_ws/install/arduino_py_examples', 'merge_install': False, 'path': '/home/drwise/arduino_ws/src/arduino_py_examples', 'symlink_install': False, 'test_result_base': None}
[0.201s] INFO:colcon.colcon_core.executor:Executing jobs using 'parallel' executor
[0.202s] DEBUG:colcon.colcon_parallel_executor.executor.parallel:run_until_complete
[0.202s] INFO:colcon.colcon_ros.task.ament_cmake.build:Building ROS package in '/home/drwise/arduino_ws/src/arduino_cpp_examples' with build type 'ament_cmake'
[0.202s] INFO:colcon.colcon_cmake.task.cmake.build:Building CMake package in '/home/drwise/arduino_ws/src/arduino_cpp_examples'
[0.204s] INFO:colcon.colcon_core.plugin_system:Skipping extension 'colcon_core.shell.bat': Not used on non-Windows systems
[0.204s] INFO:colcon.colcon_core.shell:Skip shell extension 'powershell' for command environment: Not usable outside of PowerShell
[0.204s] DEBUG:colcon.colcon_core.shell:Skip shell extension 'dsv' for command environment
[0.209s] INFO:colcon.colcon_ros.task.ament_cmake.build:Building ROS package in '/home/drwise/arduino_ws/src/arduino_description' with build type 'ament_cmake'
[0.209s] INFO:colcon.colcon_cmake.task.cmake.build:Building CMake package in '/home/drwise/arduino_ws/src/arduino_description'
[0.209s] INFO:colcon.colcon_core.shell:Skip shell extension 'powershell' for command environment: Not usable outside of PowerShell
[0.209s] DEBUG:colcon.colcon_core.shell:Skip shell extension 'dsv' for command environment
[0.214s] INFO:colcon.colcon_ros.task.ament_python.build:Building ROS package in '/home/drwise/arduino_ws/src/arduino_py_examples' with build type 'ament_python'
[0.215s] Level 1:colcon.colcon_core.shell:create_environment_hook('arduino_py_examples', 'ament_prefix_path')
[0.215s] INFO:colcon.colcon_core.shell:Creating environment hook '/home/drwise/arduino_ws/install/arduino_py_examples/share/arduino_py_examples/hook/ament_prefix_path.ps1'
[0.217s] INFO:colcon.colcon_core.shell:Creating environment descriptor '/home/drwise/arduino_ws/install/arduino_py_examples/share/arduino_py_examples/hook/ament_prefix_path.dsv'
[0.218s] INFO:colcon.colcon_core.shell:Creating environment hook '/home/drwise/arduino_ws/install/arduino_py_examples/share/arduino_py_examples/hook/ament_prefix_path.sh'
[0.220s] INFO:colcon.colcon_core.shell:Skip shell extension 'powershell' for command environment: Not usable outside of PowerShell
[0.220s] DEBUG:colcon.colcon_core.shell:Skip shell extension 'dsv' for command environment
[0.231s] DEBUG:colcon.colcon_core.event_handler.log_command:Invoking command in '/home/drwise/arduino_ws/build/arduino_cpp_examples': CMAKE_PREFIX_PATH=${CMAKE_PREFIX_PATH}:/home/drwise/arduino_ws/install/arduino_py_examples:/opt/ros/jazzy DEBUGINFOD_URLS=https://debuginfod.ubuntu.com /usr/bin/cmake --build /home/drwise/arduino_ws/build/arduino_cpp_examples -- -j12 -l12
[0.237s] DEBUG:colcon.colcon_core.event_handler.log_command:Invoking command in '/home/drwise/arduino_ws/build/arduino_description': CMAKE_PREFIX_PATH=${CMAKE_PREFIX_PATH}:/home/drwise/arduino_ws/install/arduino_py_examples:/opt/ros/jazzy DEBUGINFOD_URLS=https://debuginfod.ubuntu.com /usr/bin/cmake --build /home/drwise/arduino_ws/build/arduino_description -- -j12 -l12
[0.467s] INFO:colcon.colcon_core.task.python.build:Building Python package in '/home/drwise/arduino_ws/src/arduino_py_examples'
[0.468s] INFO:colcon.colcon_core.shell:Skip shell extension 'powershell' for command environment: Not usable outside of PowerShell
[0.468s] DEBUG:colcon.colcon_core.shell:Skip shell extension 'dsv' for command environment
[0.475s] DEBUG:colcon.colcon_core.event_handler.log_command:Invoked command in '/home/drwise/arduino_ws/build/arduino_cpp_examples' returned '0': CMAKE_PREFIX_PATH=${CMAKE_PREFIX_PATH}:/home/drwise/arduino_ws/install/arduino_py_examples:/opt/ros/jazzy DEBUGINFOD_URLS=https://debuginfod.ubuntu.com /usr/bin/cmake --build /home/drwise/arduino_ws/build/arduino_cpp_examples -- -j12 -l12
[0.490s] DEBUG:colcon.colcon_core.event_handler.log_command:Invoking command in '/home/drwise/arduino_ws/build/arduino_cpp_examples': CMAKE_PREFIX_PATH=${CMAKE_PREFIX_PATH}:/home/drwise/arduino_ws/install/arduino_py_examples:/opt/ros/jazzy DEBUGINFOD_URLS=https://debuginfod.ubuntu.com /usr/bin/cmake --install /home/drwise/arduino_ws/build/arduino_cpp_examples
[0.514s] Level 1:colcon.colcon_core.environment:create_environment_scripts_only(arduino_cpp_examples)
[0.515s] DEBUG:colcon.colcon_core.event_handler.log_command:Invoked command in '/home/drwise/arduino_ws/build/arduino_cpp_examples' returned '0': CMAKE_PREFIX_PATH=${CMAKE_PREFIX_PATH}:/home/drwise/arduino_ws/install/arduino_py_examples:/opt/ros/jazzy DEBUGINFOD_URLS=https://debuginfod.ubuntu.com /usr/bin/cmake --install /home/drwise/arduino_ws/build/arduino_cpp_examples
[0.521s] Level 1:colcon.colcon_core.environment:checking '/home/drwise/arduino_ws/install/arduino_cpp_examples' for CMake module files
[0.523s] Level 1:colcon.colcon_core.environment:checking '/home/drwise/arduino_ws/install/arduino_cpp_examples' for CMake config files
[0.523s] Level 1:colcon.colcon_core.shell:create_environment_hook('arduino_cpp_examples', 'cmake_prefix_path')
[0.524s] INFO:colcon.colcon_core.shell:Creating environment hook '/home/drwise/arduino_ws/install/arduino_cpp_examples/share/arduino_cpp_examples/hook/cmake_prefix_path.ps1'
[0.525s] INFO:colcon.colcon_core.shell:Creating environment descriptor '/home/drwise/arduino_ws/install/arduino_cpp_examples/share/arduino_cpp_examples/hook/cmake_prefix_path.dsv'
[0.525s] INFO:colcon.colcon_core.shell:Creating environment hook '/home/drwise/arduino_ws/install/arduino_cpp_examples/share/arduino_cpp_examples/hook/cmake_prefix_path.sh'
[0.527s] Level 1:colcon.colcon_core.environment:checking '/home/drwise/arduino_ws/install/arduino_cpp_examples/lib'
[0.527s] Level 1:colcon.colcon_core.environment:checking '/home/drwise/arduino_ws/install/arduino_cpp_examples/bin'
[0.527s] Level 1:colcon.colcon_core.environment:checking '/home/drwise/arduino_ws/install/arduino_cpp_examples/lib/pkgconfig/arduino_cpp_examples.pc'
[0.528s] Level 1:colcon.colcon_core.environment:checking '/home/drwise/arduino_ws/install/arduino_cpp_examples/lib/python3.12/site-packages'
[0.528s] Level 1:colcon.colcon_core.environment:checking '/home/drwise/arduino_ws/install/arduino_cpp_examples/bin'
[0.529s] INFO:colcon.colcon_core.shell:Creating package script '/home/drwise/arduino_ws/install/arduino_cpp_examples/share/arduino_cpp_examples/package.ps1'
[0.530s] INFO:colcon.colcon_core.shell:Creating package descriptor '/home/drwise/arduino_ws/install/arduino_cpp_examples/share/arduino_cpp_examples/package.dsv'
[0.531s] INFO:colcon.colcon_core.shell:Creating package script '/home/drwise/arduino_ws/install/arduino_cpp_examples/share/arduino_cpp_examples/package.sh'
[0.532s] INFO:colcon.colcon_core.shell:Creating package script '/home/drwise/arduino_ws/install/arduino_cpp_examples/share/arduino_cpp_examples/package.bash'
[0.534s] INFO:colcon.colcon_core.shell:Creating package script '/home/drwise/arduino_ws/install/arduino_cpp_examples/share/arduino_cpp_examples/package.zsh'
[0.535s] Level 1:colcon.colcon_core.environment:create_file_with_runtime_dependencies(/home/drwise/arduino_ws/install/arduino_cpp_examples/share/colcon-core/packages/arduino_cpp_examples)
[0.537s] Level 1:colcon.colcon_core.environment:create_environment_scripts_only(arduino_cpp_examples)
[0.537s] Level 1:colcon.colcon_core.environment:checking '/home/drwise/arduino_ws/install/arduino_cpp_examples' for CMake module files
[0.538s] Level 1:colcon.colcon_core.environment:checking '/home/drwise/arduino_ws/install/arduino_cpp_examples' for CMake config files
[0.539s] Level 1:colcon.colcon_core.shell:create_environment_hook('arduino_cpp_examples', 'cmake_prefix_path')
[0.539s] INFO:colcon.colcon_core.shell:Creating environment hook '/home/drwise/arduino_ws/install/arduino_cpp_examples/share/arduino_cpp_examples/hook/cmake_prefix_path.ps1'
[0.540s] INFO:colcon.colcon_core.shell:Creating environment descriptor '/home/drwise/arduino_ws/install/arduino_cpp_examples/share/arduino_cpp_examples/hook/cmake_prefix_path.dsv'
[0.541s] INFO:colcon.colcon_core.shell:Creating environment hook '/home/drwise/arduino_ws/install/arduino_cpp_examples/share/arduino_cpp_examples/hook/cmake_prefix_path.sh'
[0.542s] Level 1:colcon.colcon_core.environment:checking '/home/drwise/arduino_ws/install/arduino_cpp_examples/lib'
[0.543s] Level 1:colcon.colcon_core.environment:checking '/home/drwise/arduino_ws/install/arduino_cpp_examples/bin'
[0.543s] Level 1:colcon.colcon_core.environment:checking '/home/drwise/arduino_ws/install/arduino_cpp_examples/lib/pkgconfig/arduino_cpp_examples.pc'
[0.544s] Level 1:colcon.colcon_core.environment:checking '/home/drwise/arduino_ws/install/arduino_cpp_examples/lib/python3.12/site-packages'
[0.545s] Level 1:colcon.colcon_core.environment:checking '/home/drwise/arduino_ws/install/arduino_cpp_examples/bin'
[0.545s] INFO:colcon.colcon_core.shell:Creating package script '/home/drwise/arduino_ws/install/arduino_cpp_examples/share/arduino_cpp_examples/package.ps1'
[0.546s] INFO:colcon.colcon_core.shell:Creating package descriptor '/home/drwise/arduino_ws/install/arduino_cpp_examples/share/arduino_cpp_examples/package.dsv'
[0.547s] INFO:colcon.colcon_core.shell:Creating package script '/home/drwise/arduino_ws/install/arduino_cpp_examples/share/arduino_cpp_examples/package.sh'
[0.548s] INFO:colcon.colcon_core.shell:Creating package script '/home/drwise/arduino_ws/install/arduino_cpp_examples/share/arduino_cpp_examples/package.bash'
[0.549s] INFO:colcon.colcon_core.shell:Creating package script '/home/drwise/arduino_ws/install/arduino_cpp_examples/share/arduino_cpp_examples/package.zsh'
[0.551s] Level 1:colcon.colcon_core.environment:create_file_with_runtime_dependencies(/home/drwise/arduino_ws/install/arduino_cpp_examples/share/colcon-core/packages/arduino_cpp_examples)
[0.753s] DEBUG:colcon.colcon_core.event_handler.log_command:Invoked command in '/home/drwise/arduino_ws/build/arduino_description' returned '0': CMAKE_PREFIX_PATH=${CMAKE_PREFIX_PATH}:/home/drwise/arduino_ws/install/arduino_py_examples:/opt/ros/jazzy DEBUGINFOD_URLS=https://debuginfod.ubuntu.com /usr/bin/cmake --build /home/drwise/arduino_ws/build/arduino_description -- -j12 -l12
[0.755s] DEBUG:colcon.colcon_core.event_handler.log_command:Invoking command in '/home/drwise/arduino_ws/build/arduino_description': CMAKE_PREFIX_PATH=${CMAKE_PREFIX_PATH}:/home/drwise/arduino_ws/install/arduino_py_examples:/opt/ros/jazzy DEBUGINFOD_URLS=https://debuginfod.ubuntu.com /usr/bin/cmake --install /home/drwise/arduino_ws/build/arduino_description
[0.769s] Level 1:colcon.colcon_core.environment:create_environment_scripts_only(arduino_description)
[0.770s] Level 1:colcon.colcon_core.environment:checking '/home/drwise/arduino_ws/install/arduino_description' for CMake module files
[0.772s] Level 1:colcon.colcon_core.environment:checking '/home/drwise/arduino_ws/install/arduino_description' for CMake config files
[0.774s] Level 1:colcon.colcon_core.shell:create_environment_hook('arduino_description', 'cmake_prefix_path')
[0.774s] INFO:colcon.colcon_core.shell:Creating environment hook '/home/drwise/arduino_ws/install/arduino_description/share/arduino_description/hook/cmake_prefix_path.ps1'
[0.775s] INFO:colcon.colcon_core.shell:Creating environment descriptor '/home/drwise/arduino_ws/install/arduino_description/share/arduino_description/hook/cmake_prefix_path.dsv'
[0.775s] INFO:colcon.colcon_core.shell:Creating environment hook '/home/drwise/arduino_ws/install/arduino_description/share/arduino_description/hook/cmake_prefix_path.sh'
[0.776s] DEBUG:colcon.colcon_core.event_handler.log_command:Invoked command in '/home/drwise/arduino_ws/build/arduino_description' returned '1': CMAKE_PREFIX_PATH=${CMAKE_PREFIX_PATH}:/home/drwise/arduino_ws/install/arduino_py_examples:/opt/ros/jazzy DEBUGINFOD_URLS=https://debuginfod.ubuntu.com /usr/bin/cmake --install /home/drwise/arduino_ws/build/arduino_description
[0.777s] Level 1:colcon.colcon_core.environment:checking '/home/drwise/arduino_ws/install/arduino_description/bin'
[0.777s] Level 1:colcon.colcon_core.environment:checking '/home/drwise/arduino_ws/install/arduino_description/lib/pkgconfig/arduino_description.pc'
[0.777s] Level 1:colcon.colcon_core.environment:checking '/home/drwise/arduino_ws/install/arduino_description/lib/python3.12/site-packages'
[0.778s] Level 1:colcon.colcon_core.environment:checking '/home/drwise/arduino_ws/install/arduino_description/bin'
[0.778s] INFO:colcon.colcon_core.shell:Creating package script '/home/drwise/arduino_ws/install/arduino_description/share/arduino_description/package.ps1'
[0.779s] INFO:colcon.colcon_core.shell:Creating package descriptor '/home/drwise/arduino_ws/install/arduino_description/share/arduino_description/package.dsv'
[0.780s] INFO:colcon.colcon_core.shell:Creating package script '/home/drwise/arduino_ws/install/arduino_description/share/arduino_description/package.sh'
[0.781s] INFO:colcon.colcon_core.shell:Creating package script '/home/drwise/arduino_ws/install/arduino_description/share/arduino_description/package.bash'
[0.782s] INFO:colcon.colcon_core.shell:Creating package script '/home/drwise/arduino_ws/install/arduino_description/share/arduino_description/package.zsh'
[0.782s] Level 1:colcon.colcon_core.environment:create_file_with_runtime_dependencies(/home/drwise/arduino_ws/install/arduino_description/share/colcon-core/packages/arduino_description)
[1.043s] DEBUG:colcon.colcon_parallel_executor.executor.parallel:closing loop
[1.043s] DEBUG:colcon.colcon_parallel_executor.executor.parallel:loop closed
[1.043s] DEBUG:colcon.colcon_parallel_executor.executor.parallel:run_until_complete finished with '1'
[1.043s] DEBUG:colcon.colcon_core.event_reactor:joining thread
[1.048s] INFO:colcon.colcon_core.plugin_system:Skipping extension 'colcon_notification.desktop_notification.terminal_notifier': Not used on non-Darwin systems
[1.048s] INFO:colcon.colcon_core.plugin_system:Skipping extension 'colcon_notification.desktop_notification.win32': Not used on non-Windows systems
[1.048s] INFO:colcon.colcon_notification.desktop_notification:Sending desktop notification using 'notify2'
[1.075s] DEBUG:colcon.colcon_core.event_reactor:joined thread
[1.075s] INFO:colcon.colcon_core.shell:Creating prefix script '/home/drwise/arduino_ws/install/local_setup.ps1'
[1.076s] INFO:colcon.colcon_core.shell:Creating prefix util module '/home/drwise/arduino_ws/install/_local_setup_util_ps1.py'
[1.077s] INFO:colcon.colcon_core.shell:Creating prefix chain script '/home/drwise/arduino_ws/install/setup.ps1'
[1.079s] INFO:colcon.colcon_core.shell:Creating prefix script '/home/drwise/arduino_ws/install/local_setup.sh'
[1.079s] INFO:colcon.colcon_core.shell:Creating prefix util module '/home/drwise/arduino_ws/install/_local_setup_util_sh.py'
[1.080s] INFO:colcon.colcon_core.shell:Creating prefix chain script '/home/drwise/arduino_ws/install/setup.sh'
[1.081s] INFO:colcon.colcon_core.shell:Creating prefix script '/home/drwise/arduino_ws/install/local_setup.bash'
[1.082s] INFO:colcon.colcon_core.shell:Creating prefix chain script '/home/drwise/arduino_ws/install/setup.bash'
[1.084s] INFO:colcon.colcon_core.shell:Creating prefix script '/home/drwise/arduino_ws/install/local_setup.zsh'
[1.084s] INFO:colcon.colcon_core.shell:Creating prefix chain script '/home/drwise/arduino_ws/install/setup.zsh'
