[0.904s] Invoking command in '/home/drwise/arduino_ws/src/arduino_py_examples': DEBUGINFOD_URLS=https://debuginfod.ubuntu.com PYTHONPATH=/home/drwise/arduino_ws/build/arduino_py_examples/prefix_override:/usr/lib/python3/dist-packages/colcon_core/task/python/colcon_distutils_commands:/home/drwise/arduino_ws/install/arduino_py_examples/lib/python3.12/site-packages:${PYTHONPATH} /usr/bin/python3 -W ignore:setup.py install is deprecated -W ignore:easy_install command is deprecated setup.py egg_info --egg-base ../../build/arduino_py_examples build --build-base /home/drwise/arduino_ws/build/arduino_py_examples/build install --record /home/drwise/arduino_ws/build/arduino_py_examples/install.log --single-version-externally-managed install_data
[1.120s] running egg_info
[1.133s] writing ../../build/arduino_py_examples/arduino_py_examples.egg-info/PKG-INFO
[1.133s] writing dependency_links to ../../build/arduino_py_examples/arduino_py_examples.egg-info/dependency_links.txt
[1.133s] writing entry points to ../../build/arduino_py_examples/arduino_py_examples.egg-info/entry_points.txt
[1.133s] writing requirements to ../../build/arduino_py_examples/arduino_py_examples.egg-info/requires.txt
[1.134s] writing top-level names to ../../build/arduino_py_examples/arduino_py_examples.egg-info/top_level.txt
[1.165s] reading manifest file '../../build/arduino_py_examples/arduino_py_examples.egg-info/SOURCES.txt'
[1.166s] writing manifest file '../../build/arduino_py_examples/arduino_py_examples.egg-info/SOURCES.txt'
[1.166s] running build
[1.167s] running build_py
[1.167s] running install
[1.173s] running install_lib
[1.189s] running install_data
[1.190s] running install_egg_info
[1.210s] removing '/home/drwise/arduino_ws/install/arduino_py_examples/lib/python3.12/site-packages/arduino_py_examples-0.0.0-py3.12.egg-info' (and everything under it)
[1.210s] Copying ../../build/arduino_py_examples/arduino_py_examples.egg-info to /home/drwise/arduino_ws/install/arduino_py_examples/lib/python3.12/site-packages/arduino_py_examples-0.0.0-py3.12.egg-info
[1.211s] running install_scripts
[1.309s] Installing simple_publisher script to /home/drwise/arduino_ws/install/arduino_py_examples/lib/arduino_py_examples
[1.309s] Installing simple_subscriber script to /home/drwise/arduino_ws/install/arduino_py_examples/lib/arduino_py_examples
[1.310s] writing list of installed files to '/home/drwise/arduino_ws/build/arduino_py_examples/install.log'
[1.332s] Invoked command in '/home/drwise/arduino_ws/src/arduino_py_examples' returned '0': DEBUGINFOD_URLS=https://debuginfod.ubuntu.com PYTHONPATH=/home/drwise/arduino_ws/build/arduino_py_examples/prefix_override:/usr/lib/python3/dist-packages/colcon_core/task/python/colcon_distutils_commands:/home/drwise/arduino_ws/install/arduino_py_examples/lib/python3.12/site-packages:${PYTHONPATH} /usr/bin/python3 -W ignore:setup.py install is deprecated -W ignore:easy_install command is deprecated setup.py egg_info --egg-base ../../build/arduino_py_examples build --build-base /home/drwise/arduino_ws/build/arduino_py_examples/build install --record /home/drwise/arduino_ws/build/arduino_py_examples/install.log --single-version-externally-managed install_data
