[0.031s] Invoking command in '/home/drwise/arduino_ws/build/arduino_description': CMAKE_PREFIX_PATH=${CMAKE_PREFIX_PATH}:/home/drwise/arduino_ws/install/arduino_py_examples:/opt/ros/jazzy DEBUGINFOD_URLS=https://debuginfod.ubuntu.com /usr/bin/cmake --build /home/drwise/arduino_ws/build/arduino_description -- -j12 -l12
[0.259s] Invoked command in '/home/drwise/arduino_ws/build/arduino_description' returned '0': CMAKE_PREFIX_PATH=${CMAKE_PREFIX_PATH}:/home/drwise/arduino_ws/install/arduino_py_examples:/opt/ros/jazzy DEBUGINFOD_URLS=https://debuginfod.ubuntu.com /usr/bin/cmake --build /home/drwise/arduino_ws/build/arduino_description -- -j12 -l12
[0.261s] Invoking command in '/home/drwise/arduino_ws/build/arduino_description': CMAKE_PREFIX_PATH=${CMAKE_PREFIX_PATH}:/home/drwise/arduino_ws/install/arduino_py_examples:/opt/ros/jazzy DEBUGINFOD_URLS=https://debuginfod.ubuntu.com /usr/bin/cmake --install /home/drwise/arduino_ws/build/arduino_description
[0.277s] -- Install configuration: ""
[0.278s] -- Up-to-date: /home/drwise/arduino_ws/install/arduino_description/share//meshes
[0.278s] -- Up-to-date: /home/drwise/arduino_ws/install/arduino_description/share//meshes/Base.stl
[0.278s] -- Up-to-date: /home/drwise/arduino_ws/install/arduino_description/share//meshes/End Effector
[0.278s] -- Up-to-date: /home/drwise/arduino_ws/install/arduino_description/share//meshes/End Effector/Grip_base - Part 2.stl
[0.279s] -- Up-to-date: /home/drwise/arduino_ws/install/arduino_description/share//meshes/End Effector/Spacer small.stl
[0.279s] -- Up-to-date: /home/drwise/arduino_ws/install/arduino_description/share//meshes/End Effector/Grip_G2_Left.stl
[0.280s] -- Up-to-date: /home/drwise/arduino_ws/install/arduino_description/share//meshes/End Effector/Grip_Plate_2.stl
[0.280s] -- Up-to-date: /home/drwise/arduino_ws/install/arduino_description/share//meshes/End Effector/Gripper_ServoArm - Part 2.stl
[0.280s] -- Up-to-date: /home/drwise/arduino_ws/install/arduino_description/share//meshes/End Effector/Grip_base - Part 1.stl
[0.280s] -- Up-to-date: /home/drwise/arduino_ws/install/arduino_description/share//meshes/End Effector/Grip_Plate_1.stl
[0.280s] -- Up-to-date: /home/drwise/arduino_ws/install/arduino_description/share//meshes/End Effector/Grip_G2_Right.stl
[0.280s] -- Up-to-date: /home/drwise/arduino_ws/install/arduino_description/share//meshes/End Effector/Gripper_ServoArm - Part 1.stl
[0.280s] -- Up-to-date: /home/drwise/arduino_ws/install/arduino_description/share//meshes/arms
[0.280s] -- Up-to-date: /home/drwise/arduino_ws/install/arduino_description/share//meshes/arms/Arm_B2.stl
[0.280s] -- Up-to-date: /home/drwise/arduino_ws/install/arduino_description/share//meshes/arms/Arm_A2.stl
[0.280s] -- Up-to-date: /home/drwise/arduino_ws/install/arduino_description/share//meshes/arms/Arm_C3.stl
[0.280s] -- Up-to-date: /home/drwise/arduino_ws/install/arduino_description/share//meshes/arms/Arm_C2 Triangle.stl
[0.280s] -- Up-to-date: /home/drwise/arduino_ws/install/arduino_description/share//meshes/arms/Arm_A1.stl
[0.281s] -- Up-to-date: /home/drwise/arduino_ws/install/arduino_description/share//meshes/arms/Arm_B1.stl
[0.281s] -- Up-to-date: /home/drwise/arduino_ws/install/arduino_description/share//meshes/base
[0.281s] -- Up-to-date: /home/drwise/arduino_ws/install/arduino_description/share//meshes/base/Base.stl
[0.281s] -- Up-to-date: /home/drwise/arduino_ws/install/arduino_description/share//meshes/base/MountPlate - BasePlate.stl
[0.281s] -- Up-to-date: /home/drwise/arduino_ws/install/arduino_description/share//meshes/base/MountPlate - BaseClip.stl
[0.281s] -- Up-to-date: /home/drwise/arduino_ws/install/arduino_description/share//meshes/base/Base_Hub.stl
[0.281s] -- Up-to-date: /home/drwise/arduino_ws/install/arduino_description/share//meshes/base/MountPlate - BaseCover.stl
[0.281s] -- Up-to-date: /home/drwise/arduino_ws/install/arduino_description/share//urdf
[0.281s] -- Installing: /home/drwise/arduino_ws/install/arduino_description/share//urdf/arduino_urldf.xacro
[0.281s] -- Up-to-date: /home/drwise/arduino_ws/install/arduino_description/share/ament_index/resource_index/package_run_dependencies/arduino_description
[0.281s] -- Up-to-date: /home/drwise/arduino_ws/install/arduino_description/share/ament_index/resource_index/parent_prefix_path/arduino_description
[0.281s] -- Up-to-date: /home/drwise/arduino_ws/install/arduino_description/share/arduino_description/environment/ament_prefix_path.sh
[0.281s] -- Up-to-date: /home/drwise/arduino_ws/install/arduino_description/share/arduino_description/environment/ament_prefix_path.dsv
[0.281s] -- Up-to-date: /home/drwise/arduino_ws/install/arduino_description/share/arduino_description/environment/path.sh
[0.282s] -- Up-to-date: /home/drwise/arduino_ws/install/arduino_description/share/arduino_description/environment/path.dsv
[0.282s] -- Up-to-date: /home/drwise/arduino_ws/install/arduino_description/share/arduino_description/local_setup.bash
[0.282s] -- Up-to-date: /home/drwise/arduino_ws/install/arduino_description/share/arduino_description/local_setup.sh
[0.282s] -- Up-to-date: /home/drwise/arduino_ws/install/arduino_description/share/arduino_description/local_setup.zsh
[0.282s] -- Up-to-date: /home/drwise/arduino_ws/install/arduino_description/share/arduino_description/local_setup.dsv
[0.282s] -- Installing: /home/drwise/arduino_ws/install/arduino_description/share/arduino_description/package.dsv
[0.282s] -- Up-to-date: /home/drwise/arduino_ws/install/arduino_description/share/ament_index/resource_index/packages/arduino_description
[0.282s] -- Up-to-date: /home/drwise/arduino_ws/install/arduino_description/share/arduino_description/cmake/arduino_descriptionConfig.cmake
[0.282s] -- Up-to-date: /home/drwise/arduino_ws/install/arduino_description/share/arduino_description/cmake/arduino_descriptionConfig-version.cmake
[0.283s] -- Up-to-date: /home/drwise/arduino_ws/install/arduino_description/share/arduino_description/package.xml
[0.303s] Invoked command in '/home/drwise/arduino_ws/build/arduino_description' returned '0': CMAKE_PREFIX_PATH=${CMAKE_PREFIX_PATH}:/home/drwise/arduino_ws/install/arduino_py_examples:/opt/ros/jazzy DEBUGINFOD_URLS=https://debuginfod.ubuntu.com /usr/bin/cmake --install /home/drwise/arduino_ws/build/arduino_description
