[1.996s] Invoking command in '/home/drwise/arduino_ws/src/arduino_py_examples': DEBUGINFOD_URLS=https://debuginfod.ubuntu.com PYTHONPATH=/home/drwise/arduino_ws/build/arduino_py_examples/prefix_override:/usr/lib/python3/dist-packages/colcon_core/task/python/colcon_distutils_commands:/home/drwise/arduino_ws/install/arduino_py_examples/lib/python3.12/site-packages:${PYTHONPATH} /usr/bin/python3 -W ignore:setup.py install is deprecated -W ignore:easy_install command is deprecated setup.py egg_info --egg-base ../../build/arduino_py_examples build --build-base /home/drwise/arduino_ws/build/arduino_py_examples/build install --record /home/drwise/arduino_ws/build/arduino_py_examples/install.log --single-version-externally-managed install_data
[2.477s] running egg_info
[2.478s] creating ../../build/arduino_py_examples/arduino_py_examples.egg-info
[2.512s] writing ../../build/arduino_py_examples/arduino_py_examples.egg-info/PKG-INFO
[2.513s] writing dependency_links to ../../build/arduino_py_examples/arduino_py_examples.egg-info/dependency_links.txt
[2.513s] writing requirements to ../../build/arduino_py_examples/arduino_py_examples.egg-info/requires.txt
[2.514s] writing top-level names to ../../build/arduino_py_examples/arduino_py_examples.egg-info/top_level.txt
[2.514s] writing manifest file '../../build/arduino_py_examples/arduino_py_examples.egg-info/SOURCES.txt'
[2.578s] reading manifest file '../../build/arduino_py_examples/arduino_py_examples.egg-info/SOURCES.txt'
[2.579s] writing manifest file '../../build/arduino_py_examples/arduino_py_examples.egg-info/SOURCES.txt'
[2.579s] running build
[2.579s] running build_py
[2.579s] creating /home/drwise/arduino_ws/build/arduino_py_examples/build
[2.580s] creating /home/drwise/arduino_ws/build/arduino_py_examples/build/lib
[2.580s] creating /home/drwise/arduino_ws/build/arduino_py_examples/build/lib/arduino_py_examples
[2.580s] copying arduino_py_examples/__init__.py -> /home/drwise/arduino_ws/build/arduino_py_examples/build/lib/arduino_py_examples
[2.580s] running install
[2.591s] running install_lib
[2.630s] creating /home/drwise/arduino_ws/install/arduino_py_examples/lib/python3.12/site-packages/arduino_py_examples
[2.630s] copying /home/drwise/arduino_ws/build/arduino_py_examples/build/lib/arduino_py_examples/__init__.py -> /home/drwise/arduino_ws/install/arduino_py_examples/lib/python3.12/site-packages/arduino_py_examples
[2.631s] byte-compiling /home/drwise/arduino_ws/install/arduino_py_examples/lib/python3.12/site-packages/arduino_py_examples/__init__.py to __init__.cpython-312.pyc
[2.631s] running install_data
[2.631s] creating /home/drwise/arduino_ws/install/arduino_py_examples/share/ament_index
[2.632s] creating /home/drwise/arduino_ws/install/arduino_py_examples/share/ament_index/resource_index
[2.632s] creating /home/drwise/arduino_ws/install/arduino_py_examples/share/ament_index/resource_index/packages
[2.632s] copying resource/arduino_py_examples -> /home/drwise/arduino_ws/install/arduino_py_examples/share/ament_index/resource_index/packages
[2.632s] copying package.xml -> /home/drwise/arduino_ws/install/arduino_py_examples/share/arduino_py_examples
[2.633s] running install_egg_info
[2.660s] Copying ../../build/arduino_py_examples/arduino_py_examples.egg-info to /home/drwise/arduino_ws/install/arduino_py_examples/lib/python3.12/site-packages/arduino_py_examples-0.0.0-py3.12.egg-info
[2.661s] running install_scripts
[2.866s] writing list of installed files to '/home/drwise/arduino_ws/build/arduino_py_examples/install.log'
[2.925s] Invoked command in '/home/drwise/arduino_ws/src/arduino_py_examples' returned '0': DEBUGINFOD_URLS=https://debuginfod.ubuntu.com PYTHONPATH=/home/drwise/arduino_ws/build/arduino_py_examples/prefix_override:/usr/lib/python3/dist-packages/colcon_core/task/python/colcon_distutils_commands:/home/drwise/arduino_ws/install/arduino_py_examples/lib/python3.12/site-packages:${PYTHONPATH} /usr/bin/python3 -W ignore:setup.py install is deprecated -W ignore:easy_install command is deprecated setup.py egg_info --egg-base ../../build/arduino_py_examples build --build-base /home/drwise/arduino_ws/build/arduino_py_examples/build install --record /home/drwise/arduino_ws/build/arduino_py_examples/install.log --single-version-externally-managed install_data
