-- Found ament_cmake: 2.5.4 (/opt/ros/jazzy/share/ament_cmake/cmake)
-- Found ament_lint_auto: 0.17.3 (/opt/ros/jazzy/share/ament_lint_auto/cmake)
-- Added test 'lint_cmake' to check CMake code style
-- Added test 'xmllint' to check XML markup files
-- Configuring done (0.4s)
-- Generating done (0.0s)
-- Build files have been written to: /home/drwise/arduino_ws/build/arduino_description
-- Install configuration: ""
-- Installing: /home/drwise/arduino_ws/install/arduino_description/share/arduino_description/meshes
-- Installing: /home/drwise/arduino_ws/install/arduino_description/share/arduino_description/meshes/End Effector
-- Installing: /home/drwise/arduino_ws/install/arduino_description/share/arduino_description/meshes/End Effector/Grip_base - Part 2.stl
-- Installing: /home/drwise/arduino_ws/install/arduino_description/share/arduino_description/meshes/End Effector/Spacer small.stl
-- Installing: /home/drwise/arduino_ws/install/arduino_description/share/arduino_description/meshes/End Effector/Grip_G2_Left.stl
-- Installing: /home/drwise/arduino_ws/install/arduino_description/share/arduino_description/meshes/End Effector/Grip_Plate_2.stl
-- Installing: /home/drwise/arduino_ws/install/arduino_description/share/arduino_description/meshes/End Effector/Gripper_ServoArm - Part 2.stl
-- Installing: /home/drwise/arduino_ws/install/arduino_description/share/arduino_description/meshes/End Effector/Grip_base - Part 1.stl
-- Installing: /home/drwise/arduino_ws/install/arduino_description/share/arduino_description/meshes/End Effector/Grip_Plate_1.stl
-- Installing: /home/drwise/arduino_ws/install/arduino_description/share/arduino_description/meshes/End Effector/Grip_G2_Right.stl
-- Installing: /home/drwise/arduino_ws/install/arduino_description/share/arduino_description/meshes/End Effector/Gripper_ServoArm - Part 1.stl
-- Installing: /home/drwise/arduino_ws/install/arduino_description/share/arduino_description/meshes/arms
-- Installing: /home/drwise/arduino_ws/install/arduino_description/share/arduino_description/meshes/arms/Arm_B2.stl
-- Installing: /home/drwise/arduino_ws/install/arduino_description/share/arduino_description/meshes/arms/Arm_A2.stl
-- Installing: /home/drwise/arduino_ws/install/arduino_description/share/arduino_description/meshes/arms/Arm_C3.stl
-- Installing: /home/drwise/arduino_ws/install/arduino_description/share/arduino_description/meshes/arms/Arm_C2 Triangle.stl
-- Installing: /home/drwise/arduino_ws/install/arduino_description/share/arduino_description/meshes/arms/Arm_A1.stl
-- Installing: /home/drwise/arduino_ws/install/arduino_description/share/arduino_description/meshes/arms/Arm_B1.stl
-- Installing: /home/drwise/arduino_ws/install/arduino_description/share/arduino_description/meshes/Base.STL
-- Installing: /home/drwise/arduino_ws/install/arduino_description/share/arduino_description/meshes/base
-- Installing: /home/drwise/arduino_ws/install/arduino_description/share/arduino_description/meshes/base/Base.stl
-- Installing: /home/drwise/arduino_ws/install/arduino_description/share/arduino_description/meshes/base/MountPlate - BasePlate.stl
-- Installing: /home/drwise/arduino_ws/install/arduino_description/share/arduino_description/meshes/base/MountPlate - BaseClip.stl
-- Installing: /home/drwise/arduino_ws/install/arduino_description/share/arduino_description/meshes/base/Base_Hub.stl
-- Installing: /home/drwise/arduino_ws/install/arduino_description/share/arduino_description/meshes/base/MountPlate - BaseCover.stl
-- Installing: /home/drwise/arduino_ws/install/arduino_description/share/arduino_description/urdf
-- Installing: /home/drwise/arduino_ws/install/arduino_description/share/arduino_description/urdf/arduino_urldf.xacro
-- Up-to-date: /home/drwise/arduino_ws/install/arduino_description/share/ament_index/resource_index/package_run_dependencies/arduino_description
-- Up-to-date: /home/drwise/arduino_ws/install/arduino_description/share/ament_index/resource_index/parent_prefix_path/arduino_description
-- Up-to-date: /home/drwise/arduino_ws/install/arduino_description/share/arduino_description/environment/ament_prefix_path.sh
-- Up-to-date: /home/drwise/arduino_ws/install/arduino_description/share/arduino_description/environment/ament_prefix_path.dsv
-- Up-to-date: /home/drwise/arduino_ws/install/arduino_description/share/arduino_description/environment/path.sh
-- Up-to-date: /home/drwise/arduino_ws/install/arduino_description/share/arduino_description/environment/path.dsv
-- Up-to-date: /home/drwise/arduino_ws/install/arduino_description/share/arduino_description/local_setup.bash
-- Up-to-date: /home/drwise/arduino_ws/install/arduino_description/share/arduino_description/local_setup.sh
-- Up-to-date: /home/drwise/arduino_ws/install/arduino_description/share/arduino_description/local_setup.zsh
-- Up-to-date: /home/drwise/arduino_ws/install/arduino_description/share/arduino_description/local_setup.dsv
-- Installing: /home/drwise/arduino_ws/install/arduino_description/share/arduino_description/package.dsv
-- Up-to-date: /home/drwise/arduino_ws/install/arduino_description/share/ament_index/resource_index/packages/arduino_description
-- Up-to-date: /home/drwise/arduino_ws/install/arduino_description/share/arduino_description/cmake/arduino_descriptionConfig.cmake
-- Up-to-date: /home/drwise/arduino_ws/install/arduino_description/share/arduino_description/cmake/arduino_descriptionConfig-version.cmake
-- Up-to-date: /home/drwise/arduino_ws/install/arduino_description/share/arduino_description/package.xml
