[0.037s] Invoking command in '/home/drwise/arduino_ws/build/arduino_description': CMAKE_PREFIX_PATH=${CMAKE_PREFIX_PATH}:/home/drwise/arduino_ws/install/arduino_py_examples:/opt/ros/jazzy DEBUGINFOD_URLS=https://debuginfod.ubuntu.com /usr/bin/cmake --build /home/drwise/arduino_ws/build/arduino_description -- -j12 -l12
[0.087s] -- Found ament_cmake: 2.5.4 (/opt/ros/jazzy/share/ament_cmake/cmake)
[0.390s] -- Found ament_lint_auto: 0.17.3 (/opt/ros/jazzy/share/ament_lint_auto/cmake)
[0.526s] -- Added test 'lint_cmake' to check CMake code style
[0.530s] -- Added test 'xmllint' to check XML markup files
[0.531s] -- Configuring done (0.4s)
[0.537s] -- Generating done (0.0s)
[0.539s] -- Build files have been written to: /home/drwise/arduino_ws/build/arduino_description
[0.585s] Invoked command in '/home/drwise/arduino_ws/build/arduino_description' returned '0': CMAKE_PREFIX_PATH=${CMAKE_PREFIX_PATH}:/home/drwise/arduino_ws/install/arduino_py_examples:/opt/ros/jazzy DEBUGINFOD_URLS=https://debuginfod.ubuntu.com /usr/bin/cmake --build /home/drwise/arduino_ws/build/arduino_description -- -j12 -l12
[0.588s] Invoking command in '/home/drwise/arduino_ws/build/arduino_description': CMAKE_PREFIX_PATH=${CMAKE_PREFIX_PATH}:/home/drwise/arduino_ws/install/arduino_py_examples:/opt/ros/jazzy DEBUGINFOD_URLS=https://debuginfod.ubuntu.com /usr/bin/cmake --install /home/drwise/arduino_ws/build/arduino_description
[0.600s] -- Install configuration: ""
[0.600s] -- Installing: /home/drwise/arduino_ws/install/arduino_description/share/arduino_description/meshes
[0.600s] -- Installing: /home/drwise/arduino_ws/install/arduino_description/share/arduino_description/meshes/End Effector
[0.601s] -- Installing: /home/drwise/arduino_ws/install/arduino_description/share/arduino_description/meshes/End Effector/Grip_base - Part 2.stl
[0.601s] -- Installing: /home/drwise/arduino_ws/install/arduino_description/share/arduino_description/meshes/End Effector/Spacer small.stl
[0.601s] -- Installing: /home/drwise/arduino_ws/install/arduino_description/share/arduino_description/meshes/End Effector/Grip_G2_Left.stl
[0.602s] -- Installing: /home/drwise/arduino_ws/install/arduino_description/share/arduino_description/meshes/End Effector/Grip_Plate_2.stl
[0.603s] -- Installing: /home/drwise/arduino_ws/install/arduino_description/share/arduino_description/meshes/End Effector/Gripper_ServoArm - Part 2.stl
[0.604s] -- Installing: /home/drwise/arduino_ws/install/arduino_description/share/arduino_description/meshes/End Effector/Grip_base - Part 1.stl
[0.604s] -- Installing: /home/drwise/arduino_ws/install/arduino_description/share/arduino_description/meshes/End Effector/Grip_Plate_1.stl
[0.605s] -- Installing: /home/drwise/arduino_ws/install/arduino_description/share/arduino_description/meshes/End Effector/Grip_G2_Right.stl
[0.605s] -- Installing: /home/drwise/arduino_ws/install/arduino_description/share/arduino_description/meshes/End Effector/Gripper_ServoArm - Part 1.stl
[0.607s] -- Installing: /home/drwise/arduino_ws/install/arduino_description/share/arduino_description/meshes/arms
[0.608s] -- Installing: /home/drwise/arduino_ws/install/arduino_description/share/arduino_description/meshes/arms/Arm_B2.stl
[0.608s] -- Installing: /home/drwise/arduino_ws/install/arduino_description/share/arduino_description/meshes/arms/Arm_A2.stl
[0.608s] -- Installing: /home/drwise/arduino_ws/install/arduino_description/share/arduino_description/meshes/arms/Arm_C3.stl
[0.608s] -- Installing: /home/drwise/arduino_ws/install/arduino_description/share/arduino_description/meshes/arms/Arm_C2 Triangle.stl
[0.609s] -- Installing: /home/drwise/arduino_ws/install/arduino_description/share/arduino_description/meshes/arms/Arm_A1.stl
[0.611s] -- Installing: /home/drwise/arduino_ws/install/arduino_description/share/arduino_description/meshes/arms/Arm_B1.stl
[0.612s] -- Installing: /home/drwise/arduino_ws/install/arduino_description/share/arduino_description/meshes/Base.STL
[0.616s] -- Installing: /home/drwise/arduino_ws/install/arduino_description/share/arduino_description/meshes/base
[0.616s] -- Installing: /home/drwise/arduino_ws/install/arduino_description/share/arduino_description/meshes/base/Base.stl
[0.619s] -- Installing: /home/drwise/arduino_ws/install/arduino_description/share/arduino_description/meshes/base/MountPlate - BasePlate.stl
[0.621s] -- Installing: /home/drwise/arduino_ws/install/arduino_description/share/arduino_description/meshes/base/MountPlate - BaseClip.stl
[0.623s] -- Installing: /home/drwise/arduino_ws/install/arduino_description/share/arduino_description/meshes/base/Base_Hub.stl
[0.623s] -- Installing: /home/drwise/arduino_ws/install/arduino_description/share/arduino_description/meshes/base/MountPlate - BaseCover.stl
[0.624s] -- Installing: /home/drwise/arduino_ws/install/arduino_description/share/arduino_description/urdf
[0.625s] -- Installing: /home/drwise/arduino_ws/install/arduino_description/share/arduino_description/urdf/arduino_urldf.xacro
[0.625s] -- Up-to-date: /home/drwise/arduino_ws/install/arduino_description/share/ament_index/resource_index/package_run_dependencies/arduino_description
[0.625s] -- Up-to-date: /home/drwise/arduino_ws/install/arduino_description/share/ament_index/resource_index/parent_prefix_path/arduino_description
[0.625s] -- Up-to-date: /home/drwise/arduino_ws/install/arduino_description/share/arduino_description/environment/ament_prefix_path.sh
[0.625s] -- Up-to-date: /home/drwise/arduino_ws/install/arduino_description/share/arduino_description/environment/ament_prefix_path.dsv
[0.625s] -- Up-to-date: /home/drwise/arduino_ws/install/arduino_description/share/arduino_description/environment/path.sh
[0.626s] -- Up-to-date: /home/drwise/arduino_ws/install/arduino_description/share/arduino_description/environment/path.dsv
[0.626s] -- Up-to-date: /home/drwise/arduino_ws/install/arduino_description/share/arduino_description/local_setup.bash
[0.626s] -- Up-to-date: /home/drwise/arduino_ws/install/arduino_description/share/arduino_description/local_setup.sh
[0.626s] -- Up-to-date: /home/drwise/arduino_ws/install/arduino_description/share/arduino_description/local_setup.zsh
[0.626s] -- Up-to-date: /home/drwise/arduino_ws/install/arduino_description/share/arduino_description/local_setup.dsv
[0.628s] -- Installing: /home/drwise/arduino_ws/install/arduino_description/share/arduino_description/package.dsv
[0.628s] -- Up-to-date: /home/drwise/arduino_ws/install/arduino_description/share/ament_index/resource_index/packages/arduino_description
[0.628s] -- Up-to-date: /home/drwise/arduino_ws/install/arduino_description/share/arduino_description/cmake/arduino_descriptionConfig.cmake
[0.629s] -- Up-to-date: /home/drwise/arduino_ws/install/arduino_description/share/arduino_description/cmake/arduino_descriptionConfig-version.cmake
[0.630s] -- Up-to-date: /home/drwise/arduino_ws/install/arduino_description/share/arduino_description/package.xml
[0.630s] Invoked command in '/home/drwise/arduino_ws/build/arduino_description' returned '0': CMAKE_PREFIX_PATH=${CMAKE_PREFIX_PATH}:/home/drwise/arduino_ws/install/arduino_py_examples:/opt/ros/jazzy DEBUGINFOD_URLS=https://debuginfod.ubuntu.com /usr/bin/cmake --install /home/drwise/arduino_ws/build/arduino_description
