[0.080s] DEBUG:colcon:Command line arguments: ['/usr/bin/colcon', 'build']
[0.080s] DEBUG:colcon:Parsed command line arguments: Namespace(log_base=None, log_level=None, verb_name='build', build_base='build', install_base='install', merge_install=False, symlink_install=False, test_result_base=None, continue_on_error=False, executor='parallel', parallel_workers=12, event_handlers=None, ignore_user_meta=False, metas=['./colcon.meta'], base_paths=['.'], packages_ignore=None, packages_ignore_regex=None, paths=None, packages_up_to=None, packages_up_to_regex=None, packages_above=None, packages_above_and_dependencies=None, packages_above_depth=None, packages_select_by_dep=None, packages_skip_by_dep=None, packages_skip_up_to=None, packages_select_build_failed=False, packages_skip_build_finished=False, packages_select_test_failures=False, packages_skip_test_passed=False, packages_select=None, packages_skip=None, packages_select_regex=None, packages_skip_regex=None, packages_start=None, packages_end=None, allow_overriding=[], cmake_args=None, cmake_target=None, cmake_target_skip_unavailable=False, cmake_clean_cache=False, cmake_clean_first=False, cmake_force_configure=False, ament_cmake_args=None, catkin_cmake_args=None, catkin_skip_building_tests=False, mixin_files=None, mixin=None, verb_parser=<colcon_mixin.mixin.mixin_argument.MixinArgumentDecorator object at 0x77755e1ac770>, verb_extension=<colcon_core.verb.build.BuildVerb object at 0x77755e1ac290>, main=<bound method BuildVerb.main of <colcon_core.verb.build.BuildVerb object at 0x77755e1ac290>>, mixin_verb=('build',))
[0.107s] Level 1:colcon.colcon_core.package_discovery:discover_packages(colcon_meta) check parameters
[0.107s] Level 1:colcon.colcon_core.package_discovery:discover_packages(recursive) check parameters
[0.107s] Level 1:colcon.colcon_core.package_discovery:discover_packages(ignore) check parameters
[0.107s] Level 1:colcon.colcon_core.package_discovery:discover_packages(path) check parameters
[0.107s] Level 1:colcon.colcon_core.package_discovery:discover_packages(colcon_meta) discover
[0.108s] Level 1:colcon.colcon_core.package_discovery:discover_packages(recursive) discover
[0.108s] INFO:colcon.colcon_core.package_discovery:Crawling recursively for packages in '/home/drwise/arduino_ws'
[0.108s] Level 1:colcon.colcon_core.package_identification:_identify(.) by extensions ['ignore', 'ignore_ament_install']
[0.108s] Level 1:colcon.colcon_core.package_identification:_identify(.) by extension 'ignore'
[0.108s] Level 1:colcon.colcon_core.package_identification:_identify(.) by extension 'ignore_ament_install'
[0.108s] Level 1:colcon.colcon_core.package_identification:_identify(.) by extensions ['colcon_pkg']
[0.108s] Level 1:colcon.colcon_core.package_identification:_identify(.) by extension 'colcon_pkg'
[0.108s] Level 1:colcon.colcon_core.package_identification:_identify(.) by extensions ['colcon_meta']
[0.108s] Level 1:colcon.colcon_core.package_identification:_identify(.) by extension 'colcon_meta'
[0.108s] Level 1:colcon.colcon_core.package_identification:_identify(.) by extensions ['ros']
[0.108s] Level 1:colcon.colcon_core.package_identification:_identify(.) by extension 'ros'
[0.126s] Level 1:colcon.colcon_core.package_identification:_identify(.) by extensions ['cmake', 'python']
[0.126s] Level 1:colcon.colcon_core.package_identification:_identify(.) by extension 'cmake'
[0.126s] Level 1:colcon.colcon_core.package_identification:_identify(.) by extension 'python'
[0.126s] Level 1:colcon.colcon_core.package_identification:_identify(.) by extensions ['python_setup_py']
[0.126s] Level 1:colcon.colcon_core.package_identification:_identify(.) by extension 'python_setup_py'
[0.126s] Level 1:colcon.colcon_core.package_identification:_identify(build) by extensions ['ignore', 'ignore_ament_install']
[0.126s] Level 1:colcon.colcon_core.package_identification:_identify(build) by extension 'ignore'
[0.126s] Level 1:colcon.colcon_core.package_identification:_identify(build) ignored
[0.126s] Level 1:colcon.colcon_core.package_identification:_identify(install) by extensions ['ignore', 'ignore_ament_install']
[0.127s] Level 1:colcon.colcon_core.package_identification:_identify(install) by extension 'ignore'
[0.127s] Level 1:colcon.colcon_core.package_identification:_identify(install) ignored
[0.127s] Level 1:colcon.colcon_core.package_identification:_identify(log) by extensions ['ignore', 'ignore_ament_install']
[0.127s] Level 1:colcon.colcon_core.package_identification:_identify(log) by extension 'ignore'
[0.127s] Level 1:colcon.colcon_core.package_identification:_identify(log) ignored
[0.127s] Level 1:colcon.colcon_core.package_identification:_identify(src) by extensions ['ignore', 'ignore_ament_install']
[0.127s] Level 1:colcon.colcon_core.package_identification:_identify(src) by extension 'ignore'
[0.127s] Level 1:colcon.colcon_core.package_identification:_identify(src) by extension 'ignore_ament_install'
[0.127s] Level 1:colcon.colcon_core.package_identification:_identify(src) by extensions ['colcon_pkg']
[0.127s] Level 1:colcon.colcon_core.package_identification:_identify(src) by extension 'colcon_pkg'
[0.127s] Level 1:colcon.colcon_core.package_identification:_identify(src) by extensions ['colcon_meta']
[0.127s] Level 1:colcon.colcon_core.package_identification:_identify(src) by extension 'colcon_meta'
[0.127s] Level 1:colcon.colcon_core.package_identification:_identify(src) by extensions ['ros']
[0.127s] Level 1:colcon.colcon_core.package_identification:_identify(src) by extension 'ros'
[0.127s] Level 1:colcon.colcon_core.package_identification:_identify(src) by extensions ['cmake', 'python']
[0.127s] Level 1:colcon.colcon_core.package_identification:_identify(src) by extension 'cmake'
[0.127s] Level 1:colcon.colcon_core.package_identification:_identify(src) by extension 'python'
[0.127s] Level 1:colcon.colcon_core.package_identification:_identify(src) by extensions ['python_setup_py']
[0.127s] Level 1:colcon.colcon_core.package_identification:_identify(src) by extension 'python_setup_py'
[0.127s] Level 1:colcon.colcon_core.package_identification:_identify(src/arduino_cpp_examples) by extensions ['ignore', 'ignore_ament_install']
[0.127s] Level 1:colcon.colcon_core.package_identification:_identify(src/arduino_cpp_examples) by extension 'ignore'
[0.127s] Level 1:colcon.colcon_core.package_identification:_identify(src/arduino_cpp_examples) by extension 'ignore_ament_install'
[0.127s] Level 1:colcon.colcon_core.package_identification:_identify(src/arduino_cpp_examples) by extensions ['colcon_pkg']
[0.127s] Level 1:colcon.colcon_core.package_identification:_identify(src/arduino_cpp_examples) by extension 'colcon_pkg'
[0.128s] Level 1:colcon.colcon_core.package_identification:_identify(src/arduino_cpp_examples) by extensions ['colcon_meta']
[0.128s] Level 1:colcon.colcon_core.package_identification:_identify(src/arduino_cpp_examples) by extension 'colcon_meta'
[0.128s] Level 1:colcon.colcon_core.package_identification:_identify(src/arduino_cpp_examples) by extensions ['ros']
[0.128s] Level 1:colcon.colcon_core.package_identification:_identify(src/arduino_cpp_examples) by extension 'ros'
[0.130s] DEBUG:colcon.colcon_core.package_identification:Package 'src/arduino_cpp_examples' with type 'ros.ament_cmake' and name 'arduino_cpp_examples'
[0.130s] Level 1:colcon.colcon_core.package_identification:_identify(src/arduino_description) by extensions ['ignore', 'ignore_ament_install']
[0.130s] Level 1:colcon.colcon_core.package_identification:_identify(src/arduino_description) by extension 'ignore'
[0.130s] Level 1:colcon.colcon_core.package_identification:_identify(src/arduino_description) by extension 'ignore_ament_install'
[0.130s] Level 1:colcon.colcon_core.package_identification:_identify(src/arduino_description) by extensions ['colcon_pkg']
[0.130s] Level 1:colcon.colcon_core.package_identification:_identify(src/arduino_description) by extension 'colcon_pkg'
[0.130s] Level 1:colcon.colcon_core.package_identification:_identify(src/arduino_description) by extensions ['colcon_meta']
[0.130s] Level 1:colcon.colcon_core.package_identification:_identify(src/arduino_description) by extension 'colcon_meta'
[0.130s] Level 1:colcon.colcon_core.package_identification:_identify(src/arduino_description) by extensions ['ros']
[0.130s] Level 1:colcon.colcon_core.package_identification:_identify(src/arduino_description) by extension 'ros'
[0.131s] DEBUG:colcon.colcon_core.package_identification:Package 'src/arduino_description' with type 'ros.ament_cmake' and name 'arduino_description'
[0.131s] Level 1:colcon.colcon_core.package_identification:_identify(src/arduino_py_examples) by extensions ['ignore', 'ignore_ament_install']
[0.131s] Level 1:colcon.colcon_core.package_identification:_identify(src/arduino_py_examples) by extension 'ignore'
[0.131s] Level 1:colcon.colcon_core.package_identification:_identify(src/arduino_py_examples) by extension 'ignore_ament_install'
[0.131s] Level 1:colcon.colcon_core.package_identification:_identify(src/arduino_py_examples) by extensions ['colcon_pkg']
[0.131s] Level 1:colcon.colcon_core.package_identification:_identify(src/arduino_py_examples) by extension 'colcon_pkg'
[0.131s] Level 1:colcon.colcon_core.package_identification:_identify(src/arduino_py_examples) by extensions ['colcon_meta']
[0.131s] Level 1:colcon.colcon_core.package_identification:_identify(src/arduino_py_examples) by extension 'colcon_meta'
[0.131s] Level 1:colcon.colcon_core.package_identification:_identify(src/arduino_py_examples) by extensions ['ros']
[0.131s] Level 1:colcon.colcon_core.package_identification:_identify(src/arduino_py_examples) by extension 'ros'
[0.131s] DEBUG:colcon.colcon_core.package_identification:Package 'src/arduino_py_examples' with type 'ros.ament_python' and name 'arduino_py_examples'
[0.131s] Level 1:colcon.colcon_core.package_discovery:discover_packages(recursive) using defaults
[0.132s] Level 1:colcon.colcon_core.package_discovery:discover_packages(ignore) discover
[0.132s] Level 1:colcon.colcon_core.package_discovery:discover_packages(ignore) using defaults
[0.132s] Level 1:colcon.colcon_core.package_discovery:discover_packages(path) discover
[0.132s] Level 1:colcon.colcon_core.package_discovery:discover_packages(path) using defaults
[0.145s] Level 1:colcon.colcon_core.package_discovery:discover_packages(prefix_path) check parameters
[0.145s] Level 1:colcon.colcon_core.package_discovery:discover_packages(prefix_path) discover
[0.147s] DEBUG:colcon.colcon_installed_package_information.package_discovery:Found 3 installed packages in /home/drwise/arduino_ws/install
[0.148s] DEBUG:colcon.colcon_installed_package_information.package_discovery:Found 409 installed packages in /opt/ros/jazzy
[0.150s] Level 1:colcon.colcon_core.package_discovery:discover_packages(prefix_path) using defaults
[0.187s] Level 5:colcon.colcon_core.verb:set package 'arduino_cpp_examples' build argument 'cmake_args' from command line to 'None'
[0.187s] Level 5:colcon.colcon_core.verb:set package 'arduino_cpp_examples' build argument 'cmake_target' from command line to 'None'
[0.187s] Level 5:colcon.colcon_core.verb:set package 'arduino_cpp_examples' build argument 'cmake_target_skip_unavailable' from command line to 'False'
[0.187s] Level 5:colcon.colcon_core.verb:set package 'arduino_cpp_examples' build argument 'cmake_clean_cache' from command line to 'False'
[0.187s] Level 5:colcon.colcon_core.verb:set package 'arduino_cpp_examples' build argument 'cmake_clean_first' from command line to 'False'
[0.187s] Level 5:colcon.colcon_core.verb:set package 'arduino_cpp_examples' build argument 'cmake_force_configure' from command line to 'False'
[0.187s] Level 5:colcon.colcon_core.verb:set package 'arduino_cpp_examples' build argument 'ament_cmake_args' from command line to 'None'
[0.187s] Level 5:colcon.colcon_core.verb:set package 'arduino_cpp_examples' build argument 'catkin_cmake_args' from command line to 'None'
[0.187s] Level 5:colcon.colcon_core.verb:set package 'arduino_cpp_examples' build argument 'catkin_skip_building_tests' from command line to 'False'
[0.187s] DEBUG:colcon.colcon_core.verb:Building package 'arduino_cpp_examples' with the following arguments: {'ament_cmake_args': None, 'build_base': '/home/drwise/arduino_ws/build/arduino_cpp_examples', 'catkin_cmake_args': None, 'catkin_skip_building_tests': False, 'cmake_args': None, 'cmake_clean_cache': False, 'cmake_clean_first': False, 'cmake_force_configure': False, 'cmake_target': None, 'cmake_target_skip_unavailable': False, 'install_base': '/home/drwise/arduino_ws/install/arduino_cpp_examples', 'merge_install': False, 'path': '/home/drwise/arduino_ws/src/arduino_cpp_examples', 'symlink_install': False, 'test_result_base': None}
[0.188s] Level 5:colcon.colcon_core.verb:set package 'arduino_description' build argument 'cmake_args' from command line to 'None'
[0.188s] Level 5:colcon.colcon_core.verb:set package 'arduino_description' build argument 'cmake_target' from command line to 'None'
[0.188s] Level 5:colcon.colcon_core.verb:set package 'arduino_description' build argument 'cmake_target_skip_unavailable' from command line to 'False'
[0.188s] Level 5:colcon.colcon_core.verb:set package 'arduino_description' build argument 'cmake_clean_cache' from command line to 'False'
[0.188s] Level 5:colcon.colcon_core.verb:set package 'arduino_description' build argument 'cmake_clean_first' from command line to 'False'
[0.188s] Level 5:colcon.colcon_core.verb:set package 'arduino_description' build argument 'cmake_force_configure' from command line to 'False'
[0.188s] Level 5:colcon.colcon_core.verb:set package 'arduino_description' build argument 'ament_cmake_args' from command line to 'None'
[0.188s] Level 5:colcon.colcon_core.verb:set package 'arduino_description' build argument 'catkin_cmake_args' from command line to 'None'
[0.188s] Level 5:colcon.colcon_core.verb:set package 'arduino_description' build argument 'catkin_skip_building_tests' from command line to 'False'
[0.188s] DEBUG:colcon.colcon_core.verb:Building package 'arduino_description' with the following arguments: {'ament_cmake_args': None, 'build_base': '/home/drwise/arduino_ws/build/arduino_description', 'catkin_cmake_args': None, 'catkin_skip_building_tests': False, 'cmake_args': None, 'cmake_clean_cache': False, 'cmake_clean_first': False, 'cmake_force_configure': False, 'cmake_target': None, 'cmake_target_skip_unavailable': False, 'install_base': '/home/drwise/arduino_ws/install/arduino_description', 'merge_install': False, 'path': '/home/drwise/arduino_ws/src/arduino_description', 'symlink_install': False, 'test_result_base': None}
[0.188s] Level 5:colcon.colcon_core.verb:set package 'arduino_py_examples' build argument 'cmake_args' from command line to 'None'
[0.188s] Level 5:colcon.colcon_core.verb:set package 'arduino_py_examples' build argument 'cmake_target' from command line to 'None'
[0.188s] Level 5:colcon.colcon_core.verb:set package 'arduino_py_examples' build argument 'cmake_target_skip_unavailable' from command line to 'False'
[0.188s] Level 5:colcon.colcon_core.verb:set package 'arduino_py_examples' build argument 'cmake_clean_cache' from command line to 'False'
[0.188s] Level 5:colcon.colcon_core.verb:set package 'arduino_py_examples' build argument 'cmake_clean_first' from command line to 'False'
[0.188s] Level 5:colcon.colcon_core.verb:set package 'arduino_py_examples' build argument 'cmake_force_configure' from command line to 'False'
[0.188s] Level 5:colcon.colcon_core.verb:set package 'arduino_py_examples' build argument 'ament_cmake_args' from command line to 'None'
[0.188s] Level 5:colcon.colcon_core.verb:set package 'arduino_py_examples' build argument 'catkin_cmake_args' from command line to 'None'
[0.188s] Level 5:colcon.colcon_core.verb:set package 'arduino_py_examples' build argument 'catkin_skip_building_tests' from command line to 'False'
[0.188s] DEBUG:colcon.colcon_core.verb:Building package 'arduino_py_examples' with the following arguments: {'ament_cmake_args': None, 'build_base': '/home/drwise/arduino_ws/build/arduino_py_examples', 'catkin_cmake_args': None, 'catkin_skip_building_tests': False, 'cmake_args': None, 'cmake_clean_cache': False, 'cmake_clean_first': False, 'cmake_force_configure': False, 'cmake_target': None, 'cmake_target_skip_unavailable': False, 'install_base': '/home/drwise/arduino_ws/install/arduino_py_examples', 'merge_install': False, 'path': '/home/drwise/arduino_ws/src/arduino_py_examples', 'symlink_install': False, 'test_result_base': None}
[0.188s] INFO:colcon.colcon_core.executor:Executing jobs using 'parallel' executor
[0.189s] DEBUG:colcon.colcon_parallel_executor.executor.parallel:run_until_complete
[0.190s] INFO:colcon.colcon_ros.task.ament_cmake.build:Building ROS package in '/home/drwise/arduino_ws/src/arduino_cpp_examples' with build type 'ament_cmake'
[0.190s] INFO:colcon.colcon_cmake.task.cmake.build:Building CMake package in '/home/drwise/arduino_ws/src/arduino_cpp_examples'
[0.192s] INFO:colcon.colcon_core.plugin_system:Skipping extension 'colcon_core.shell.bat': Not used on non-Windows systems
[0.192s] INFO:colcon.colcon_core.shell:Skip shell extension 'powershell' for command environment: Not usable outside of PowerShell
[0.192s] DEBUG:colcon.colcon_core.shell:Skip shell extension 'dsv' for command environment
[0.198s] INFO:colcon.colcon_ros.task.ament_cmake.build:Building ROS package in '/home/drwise/arduino_ws/src/arduino_description' with build type 'ament_cmake'
[0.198s] INFO:colcon.colcon_cmake.task.cmake.build:Building CMake package in '/home/drwise/arduino_ws/src/arduino_description'
[0.198s] INFO:colcon.colcon_core.shell:Skip shell extension 'powershell' for command environment: Not usable outside of PowerShell
[0.198s] DEBUG:colcon.colcon_core.shell:Skip shell extension 'dsv' for command environment
[0.201s] INFO:colcon.colcon_ros.task.ament_python.build:Building ROS package in '/home/drwise/arduino_ws/src/arduino_py_examples' with build type 'ament_python'
[0.202s] Level 1:colcon.colcon_core.shell:create_environment_hook('arduino_py_examples', 'ament_prefix_path')
[0.202s] INFO:colcon.colcon_core.shell:Creating environment hook '/home/drwise/arduino_ws/install/arduino_py_examples/share/arduino_py_examples/hook/ament_prefix_path.ps1'
[0.203s] INFO:colcon.colcon_core.shell:Creating environment descriptor '/home/drwise/arduino_ws/install/arduino_py_examples/share/arduino_py_examples/hook/ament_prefix_path.dsv'
[0.203s] INFO:colcon.colcon_core.shell:Creating environment hook '/home/drwise/arduino_ws/install/arduino_py_examples/share/arduino_py_examples/hook/ament_prefix_path.sh'
[0.204s] INFO:colcon.colcon_core.shell:Skip shell extension 'powershell' for command environment: Not usable outside of PowerShell
[0.204s] DEBUG:colcon.colcon_core.shell:Skip shell extension 'dsv' for command environment
[0.211s] DEBUG:colcon.colcon_core.event_handler.log_command:Invoking command in '/home/drwise/arduino_ws/build/arduino_cpp_examples': CMAKE_PREFIX_PATH=${CMAKE_PREFIX_PATH}:/home/drwise/arduino_ws/install/arduino_py_examples:/opt/ros/jazzy DEBUGINFOD_URLS=https://debuginfod.ubuntu.com /usr/bin/cmake --build /home/drwise/arduino_ws/build/arduino_cpp_examples -- -j12 -l12
[0.213s] DEBUG:colcon.colcon_core.event_handler.log_command:Invoking command in '/home/drwise/arduino_ws/build/arduino_description': CMAKE_PREFIX_PATH=${CMAKE_PREFIX_PATH}:/home/drwise/arduino_ws/install/arduino_py_examples:/opt/ros/jazzy DEBUGINFOD_URLS=https://debuginfod.ubuntu.com /usr/bin/cmake --build /home/drwise/arduino_ws/build/arduino_description -- -j12 -l12
[0.457s] INFO:colcon.colcon_core.task.python.build:Building Python package in '/home/drwise/arduino_ws/src/arduino_py_examples'
[0.457s] INFO:colcon.colcon_core.shell:Skip shell extension 'powershell' for command environment: Not usable outside of PowerShell
[0.457s] DEBUG:colcon.colcon_core.shell:Skip shell extension 'dsv' for command environment
[0.464s] DEBUG:colcon.colcon_core.event_handler.log_command:Invoked command in '/home/drwise/arduino_ws/build/arduino_cpp_examples' returned '0': CMAKE_PREFIX_PATH=${CMAKE_PREFIX_PATH}:/home/drwise/arduino_ws/install/arduino_py_examples:/opt/ros/jazzy DEBUGINFOD_URLS=https://debuginfod.ubuntu.com /usr/bin/cmake --build /home/drwise/arduino_ws/build/arduino_cpp_examples -- -j12 -l12
[0.478s] DEBUG:colcon.colcon_core.event_handler.log_command:Invoking command in '/home/drwise/arduino_ws/build/arduino_cpp_examples': CMAKE_PREFIX_PATH=${CMAKE_PREFIX_PATH}:/home/drwise/arduino_ws/install/arduino_py_examples:/opt/ros/jazzy DEBUGINFOD_URLS=https://debuginfod.ubuntu.com /usr/bin/cmake --install /home/drwise/arduino_ws/build/arduino_cpp_examples
[0.499s] Level 1:colcon.colcon_core.environment:create_environment_scripts_only(arduino_cpp_examples)
[0.501s] DEBUG:colcon.colcon_core.event_handler.log_command:Invoked command in '/home/drwise/arduino_ws/build/arduino_cpp_examples' returned '0': CMAKE_PREFIX_PATH=${CMAKE_PREFIX_PATH}:/home/drwise/arduino_ws/install/arduino_py_examples:/opt/ros/jazzy DEBUGINFOD_URLS=https://debuginfod.ubuntu.com /usr/bin/cmake --install /home/drwise/arduino_ws/build/arduino_cpp_examples
[0.505s] Level 1:colcon.colcon_core.environment:checking '/home/drwise/arduino_ws/install/arduino_cpp_examples' for CMake module files
[0.507s] Level 1:colcon.colcon_core.environment:checking '/home/drwise/arduino_ws/install/arduino_cpp_examples' for CMake config files
[0.508s] Level 1:colcon.colcon_core.shell:create_environment_hook('arduino_cpp_examples', 'cmake_prefix_path')
[0.508s] INFO:colcon.colcon_core.shell:Creating environment hook '/home/drwise/arduino_ws/install/arduino_cpp_examples/share/arduino_cpp_examples/hook/cmake_prefix_path.ps1'
[0.509s] INFO:colcon.colcon_core.shell:Creating environment descriptor '/home/drwise/arduino_ws/install/arduino_cpp_examples/share/arduino_cpp_examples/hook/cmake_prefix_path.dsv'
[0.509s] INFO:colcon.colcon_core.shell:Creating environment hook '/home/drwise/arduino_ws/install/arduino_cpp_examples/share/arduino_cpp_examples/hook/cmake_prefix_path.sh'
[0.511s] Level 1:colcon.colcon_core.environment:checking '/home/drwise/arduino_ws/install/arduino_cpp_examples/lib'
[0.511s] Level 1:colcon.colcon_core.environment:checking '/home/drwise/arduino_ws/install/arduino_cpp_examples/bin'
[0.511s] Level 1:colcon.colcon_core.environment:checking '/home/drwise/arduino_ws/install/arduino_cpp_examples/lib/pkgconfig/arduino_cpp_examples.pc'
[0.512s] Level 1:colcon.colcon_core.environment:checking '/home/drwise/arduino_ws/install/arduino_cpp_examples/lib/python3.12/site-packages'
[0.512s] Level 1:colcon.colcon_core.environment:checking '/home/drwise/arduino_ws/install/arduino_cpp_examples/bin'
[0.512s] INFO:colcon.colcon_core.shell:Creating package script '/home/drwise/arduino_ws/install/arduino_cpp_examples/share/arduino_cpp_examples/package.ps1'
[0.513s] INFO:colcon.colcon_core.shell:Creating package descriptor '/home/drwise/arduino_ws/install/arduino_cpp_examples/share/arduino_cpp_examples/package.dsv'
[0.514s] INFO:colcon.colcon_core.shell:Creating package script '/home/drwise/arduino_ws/install/arduino_cpp_examples/share/arduino_cpp_examples/package.sh'
[0.515s] INFO:colcon.colcon_core.shell:Creating package script '/home/drwise/arduino_ws/install/arduino_cpp_examples/share/arduino_cpp_examples/package.bash'
[0.516s] INFO:colcon.colcon_core.shell:Creating package script '/home/drwise/arduino_ws/install/arduino_cpp_examples/share/arduino_cpp_examples/package.zsh'
[0.517s] Level 1:colcon.colcon_core.environment:create_file_with_runtime_dependencies(/home/drwise/arduino_ws/install/arduino_cpp_examples/share/colcon-core/packages/arduino_cpp_examples)
[0.518s] Level 1:colcon.colcon_core.environment:create_environment_scripts_only(arduino_cpp_examples)
[0.518s] Level 1:colcon.colcon_core.environment:checking '/home/drwise/arduino_ws/install/arduino_cpp_examples' for CMake module files
[0.519s] Level 1:colcon.colcon_core.environment:checking '/home/drwise/arduino_ws/install/arduino_cpp_examples' for CMake config files
[0.519s] Level 1:colcon.colcon_core.shell:create_environment_hook('arduino_cpp_examples', 'cmake_prefix_path')
[0.520s] INFO:colcon.colcon_core.shell:Creating environment hook '/home/drwise/arduino_ws/install/arduino_cpp_examples/share/arduino_cpp_examples/hook/cmake_prefix_path.ps1'
[0.520s] INFO:colcon.colcon_core.shell:Creating environment descriptor '/home/drwise/arduino_ws/install/arduino_cpp_examples/share/arduino_cpp_examples/hook/cmake_prefix_path.dsv'
[0.521s] INFO:colcon.colcon_core.shell:Creating environment hook '/home/drwise/arduino_ws/install/arduino_cpp_examples/share/arduino_cpp_examples/hook/cmake_prefix_path.sh'
[0.522s] Level 1:colcon.colcon_core.environment:checking '/home/drwise/arduino_ws/install/arduino_cpp_examples/lib'
[0.522s] Level 1:colcon.colcon_core.environment:checking '/home/drwise/arduino_ws/install/arduino_cpp_examples/bin'
[0.522s] Level 1:colcon.colcon_core.environment:checking '/home/drwise/arduino_ws/install/arduino_cpp_examples/lib/pkgconfig/arduino_cpp_examples.pc'
[0.523s] Level 1:colcon.colcon_core.environment:checking '/home/drwise/arduino_ws/install/arduino_cpp_examples/lib/python3.12/site-packages'
[0.523s] Level 1:colcon.colcon_core.environment:checking '/home/drwise/arduino_ws/install/arduino_cpp_examples/bin'
[0.523s] INFO:colcon.colcon_core.shell:Creating package script '/home/drwise/arduino_ws/install/arduino_cpp_examples/share/arduino_cpp_examples/package.ps1'
[0.524s] INFO:colcon.colcon_core.shell:Creating package descriptor '/home/drwise/arduino_ws/install/arduino_cpp_examples/share/arduino_cpp_examples/package.dsv'
[0.525s] INFO:colcon.colcon_core.shell:Creating package script '/home/drwise/arduino_ws/install/arduino_cpp_examples/share/arduino_cpp_examples/package.sh'
[0.526s] INFO:colcon.colcon_core.shell:Creating package script '/home/drwise/arduino_ws/install/arduino_cpp_examples/share/arduino_cpp_examples/package.bash'
[0.526s] INFO:colcon.colcon_core.shell:Creating package script '/home/drwise/arduino_ws/install/arduino_cpp_examples/share/arduino_cpp_examples/package.zsh'
[0.527s] Level 1:colcon.colcon_core.environment:create_file_with_runtime_dependencies(/home/drwise/arduino_ws/install/arduino_cpp_examples/share/colcon-core/packages/arduino_cpp_examples)
[0.716s] DEBUG:colcon.colcon_core.event_handler.log_command:Invoked command in '/home/drwise/arduino_ws/build/arduino_description' returned '0': CMAKE_PREFIX_PATH=${CMAKE_PREFIX_PATH}:/home/drwise/arduino_ws/install/arduino_py_examples:/opt/ros/jazzy DEBUGINFOD_URLS=https://debuginfod.ubuntu.com /usr/bin/cmake --build /home/drwise/arduino_ws/build/arduino_description -- -j12 -l12
[0.718s] DEBUG:colcon.colcon_core.event_handler.log_command:Invoking command in '/home/drwise/arduino_ws/build/arduino_description': CMAKE_PREFIX_PATH=${CMAKE_PREFIX_PATH}:/home/drwise/arduino_ws/install/arduino_py_examples:/opt/ros/jazzy DEBUGINFOD_URLS=https://debuginfod.ubuntu.com /usr/bin/cmake --install /home/drwise/arduino_ws/build/arduino_description
[0.748s] Level 1:colcon.colcon_core.environment:create_environment_scripts_only(arduino_description)
[0.749s] Level 1:colcon.colcon_core.environment:checking '/home/drwise/arduino_ws/install/arduino_description' for CMake module files
[0.750s] DEBUG:colcon.colcon_core.event_handler.log_command:Invoked command in '/home/drwise/arduino_ws/build/arduino_description' returned '0': CMAKE_PREFIX_PATH=${CMAKE_PREFIX_PATH}:/home/drwise/arduino_ws/install/arduino_py_examples:/opt/ros/jazzy DEBUGINFOD_URLS=https://debuginfod.ubuntu.com /usr/bin/cmake --install /home/drwise/arduino_ws/build/arduino_description
[0.750s] Level 1:colcon.colcon_core.environment:checking '/home/drwise/arduino_ws/install/arduino_description' for CMake config files
[0.751s] Level 1:colcon.colcon_core.shell:create_environment_hook('arduino_description', 'cmake_prefix_path')
[0.751s] INFO:colcon.colcon_core.shell:Creating environment hook '/home/drwise/arduino_ws/install/arduino_description/share/arduino_description/hook/cmake_prefix_path.ps1'
[0.752s] INFO:colcon.colcon_core.shell:Creating environment descriptor '/home/drwise/arduino_ws/install/arduino_description/share/arduino_description/hook/cmake_prefix_path.dsv'
[0.752s] INFO:colcon.colcon_core.shell:Creating environment hook '/home/drwise/arduino_ws/install/arduino_description/share/arduino_description/hook/cmake_prefix_path.sh'
[0.753s] Level 1:colcon.colcon_core.environment:checking '/home/drwise/arduino_ws/install/arduino_description/bin'
[0.754s] Level 1:colcon.colcon_core.environment:checking '/home/drwise/arduino_ws/install/arduino_description/lib/pkgconfig/arduino_description.pc'
[0.754s] Level 1:colcon.colcon_core.environment:checking '/home/drwise/arduino_ws/install/arduino_description/lib/python3.12/site-packages'
[0.754s] Level 1:colcon.colcon_core.environment:checking '/home/drwise/arduino_ws/install/arduino_description/bin'
[0.754s] INFO:colcon.colcon_core.shell:Creating package script '/home/drwise/arduino_ws/install/arduino_description/share/arduino_description/package.ps1'
[0.755s] INFO:colcon.colcon_core.shell:Creating package descriptor '/home/drwise/arduino_ws/install/arduino_description/share/arduino_description/package.dsv'
[0.755s] INFO:colcon.colcon_core.shell:Creating package script '/home/drwise/arduino_ws/install/arduino_description/share/arduino_description/package.sh'
[0.756s] INFO:colcon.colcon_core.shell:Creating package script '/home/drwise/arduino_ws/install/arduino_description/share/arduino_description/package.bash'
[0.756s] INFO:colcon.colcon_core.shell:Creating package script '/home/drwise/arduino_ws/install/arduino_description/share/arduino_description/package.zsh'
[0.756s] Level 1:colcon.colcon_core.environment:create_file_with_runtime_dependencies(/home/drwise/arduino_ws/install/arduino_description/share/colcon-core/packages/arduino_description)
[0.757s] Level 1:colcon.colcon_core.environment:create_environment_scripts_only(arduino_description)
[0.757s] Level 1:colcon.colcon_core.environment:checking '/home/drwise/arduino_ws/install/arduino_description' for CMake module files
[0.757s] Level 1:colcon.colcon_core.environment:checking '/home/drwise/arduino_ws/install/arduino_description' for CMake config files
[0.757s] Level 1:colcon.colcon_core.shell:create_environment_hook('arduino_description', 'cmake_prefix_path')
[0.758s] INFO:colcon.colcon_core.shell:Creating environment hook '/home/drwise/arduino_ws/install/arduino_description/share/arduino_description/hook/cmake_prefix_path.ps1'
[0.758s] INFO:colcon.colcon_core.shell:Creating environment descriptor '/home/drwise/arduino_ws/install/arduino_description/share/arduino_description/hook/cmake_prefix_path.dsv'
[0.758s] INFO:colcon.colcon_core.shell:Creating environment hook '/home/drwise/arduino_ws/install/arduino_description/share/arduino_description/hook/cmake_prefix_path.sh'
[0.759s] Level 1:colcon.colcon_core.environment:checking '/home/drwise/arduino_ws/install/arduino_description/bin'
[0.759s] Level 1:colcon.colcon_core.environment:checking '/home/drwise/arduino_ws/install/arduino_description/lib/pkgconfig/arduino_description.pc'
[0.759s] Level 1:colcon.colcon_core.environment:checking '/home/drwise/arduino_ws/install/arduino_description/lib/python3.12/site-packages'
[0.760s] Level 1:colcon.colcon_core.environment:checking '/home/drwise/arduino_ws/install/arduino_description/bin'
[0.760s] INFO:colcon.colcon_core.shell:Creating package script '/home/drwise/arduino_ws/install/arduino_description/share/arduino_description/package.ps1'
[0.760s] INFO:colcon.colcon_core.shell:Creating package descriptor '/home/drwise/arduino_ws/install/arduino_description/share/arduino_description/package.dsv'
[0.761s] INFO:colcon.colcon_core.shell:Creating package script '/home/drwise/arduino_ws/install/arduino_description/share/arduino_description/package.sh'
[0.761s] INFO:colcon.colcon_core.shell:Creating package script '/home/drwise/arduino_ws/install/arduino_description/share/arduino_description/package.bash'
[0.761s] INFO:colcon.colcon_core.shell:Creating package script '/home/drwise/arduino_ws/install/arduino_description/share/arduino_description/package.zsh'
[0.762s] Level 1:colcon.colcon_core.environment:create_file_with_runtime_dependencies(/home/drwise/arduino_ws/install/arduino_description/share/colcon-core/packages/arduino_description)
[1.027s] DEBUG:colcon.colcon_core.event_handler.log_command:Invoking command in '/home/drwise/arduino_ws/src/arduino_py_examples': DEBUGINFOD_URLS=https://debuginfod.ubuntu.com PYTHONPATH=/home/drwise/arduino_ws/build/arduino_py_examples/prefix_override:/usr/lib/python3/dist-packages/colcon_core/task/python/colcon_distutils_commands:/home/drwise/arduino_ws/install/arduino_py_examples/lib/python3.12/site-packages:${PYTHONPATH} /usr/bin/python3 -W ignore:setup.py install is deprecated -W ignore:easy_install command is deprecated setup.py egg_info --egg-base ../../build/arduino_py_examples build --build-base /home/drwise/arduino_ws/build/arduino_py_examples/build install --record /home/drwise/arduino_ws/build/arduino_py_examples/install.log --single-version-externally-managed install_data
[1.427s] Level 1:colcon.colcon_core.environment:checking '/home/drwise/arduino_ws/install/arduino_py_examples' for CMake module files
[1.428s] DEBUG:colcon.colcon_core.event_handler.log_command:Invoked command in '/home/drwise/arduino_ws/src/arduino_py_examples' returned '0': DEBUGINFOD_URLS=https://debuginfod.ubuntu.com PYTHONPATH=/home/drwise/arduino_ws/build/arduino_py_examples/prefix_override:/usr/lib/python3/dist-packages/colcon_core/task/python/colcon_distutils_commands:/home/drwise/arduino_ws/install/arduino_py_examples/lib/python3.12/site-packages:${PYTHONPATH} /usr/bin/python3 -W ignore:setup.py install is deprecated -W ignore:easy_install command is deprecated setup.py egg_info --egg-base ../../build/arduino_py_examples build --build-base /home/drwise/arduino_ws/build/arduino_py_examples/build install --record /home/drwise/arduino_ws/build/arduino_py_examples/install.log --single-version-externally-managed install_data
[1.428s] Level 1:colcon.colcon_core.environment:checking '/home/drwise/arduino_ws/install/arduino_py_examples' for CMake config files
[1.428s] Level 1:colcon.colcon_core.environment:checking '/home/drwise/arduino_ws/install/arduino_py_examples/lib'
[1.428s] Level 1:colcon.colcon_core.environment:checking '/home/drwise/arduino_ws/install/arduino_py_examples/bin'
[1.428s] Level 1:colcon.colcon_core.environment:checking '/home/drwise/arduino_ws/install/arduino_py_examples/lib/pkgconfig/arduino_py_examples.pc'
[1.429s] Level 1:colcon.colcon_core.environment:checking '/home/drwise/arduino_ws/install/arduino_py_examples/lib/python3.12/site-packages'
[1.429s] Level 1:colcon.colcon_core.shell:create_environment_hook('arduino_py_examples', 'pythonpath')
[1.429s] INFO:colcon.colcon_core.shell:Creating environment hook '/home/drwise/arduino_ws/install/arduino_py_examples/share/arduino_py_examples/hook/pythonpath.ps1'
[1.429s] INFO:colcon.colcon_core.shell:Creating environment descriptor '/home/drwise/arduino_ws/install/arduino_py_examples/share/arduino_py_examples/hook/pythonpath.dsv'
[1.429s] INFO:colcon.colcon_core.shell:Creating environment hook '/home/drwise/arduino_ws/install/arduino_py_examples/share/arduino_py_examples/hook/pythonpath.sh'
[1.430s] Level 1:colcon.colcon_core.environment:checking '/home/drwise/arduino_ws/install/arduino_py_examples/bin'
[1.430s] Level 1:colcon.colcon_core.environment:create_environment_scripts_only(arduino_py_examples)
[1.430s] INFO:colcon.colcon_core.shell:Creating package script '/home/drwise/arduino_ws/install/arduino_py_examples/share/arduino_py_examples/package.ps1'
[1.431s] INFO:colcon.colcon_core.shell:Creating package descriptor '/home/drwise/arduino_ws/install/arduino_py_examples/share/arduino_py_examples/package.dsv'
[1.431s] INFO:colcon.colcon_core.shell:Creating package script '/home/drwise/arduino_ws/install/arduino_py_examples/share/arduino_py_examples/package.sh'
[1.431s] INFO:colcon.colcon_core.shell:Creating package script '/home/drwise/arduino_ws/install/arduino_py_examples/share/arduino_py_examples/package.bash'
[1.432s] INFO:colcon.colcon_core.shell:Creating package script '/home/drwise/arduino_ws/install/arduino_py_examples/share/arduino_py_examples/package.zsh'
[1.432s] Level 1:colcon.colcon_core.environment:create_file_with_runtime_dependencies(/home/drwise/arduino_ws/install/arduino_py_examples/share/colcon-core/packages/arduino_py_examples)
[1.432s] DEBUG:colcon.colcon_parallel_executor.executor.parallel:closing loop
[1.433s] DEBUG:colcon.colcon_parallel_executor.executor.parallel:loop closed
[1.433s] DEBUG:colcon.colcon_parallel_executor.executor.parallel:run_until_complete finished with '0'
[1.433s] DEBUG:colcon.colcon_core.event_reactor:joining thread
[1.447s] INFO:colcon.colcon_core.plugin_system:Skipping extension 'colcon_notification.desktop_notification.terminal_notifier': Not used on non-Darwin systems
[1.447s] INFO:colcon.colcon_core.plugin_system:Skipping extension 'colcon_notification.desktop_notification.win32': Not used on non-Windows systems
[1.447s] INFO:colcon.colcon_notification.desktop_notification:Sending desktop notification using 'notify2'
[1.469s] DEBUG:colcon.colcon_core.event_reactor:joined thread
[1.470s] INFO:colcon.colcon_core.shell:Creating prefix script '/home/drwise/arduino_ws/install/local_setup.ps1'
[1.471s] INFO:colcon.colcon_core.shell:Creating prefix util module '/home/drwise/arduino_ws/install/_local_setup_util_ps1.py'
[1.473s] INFO:colcon.colcon_core.shell:Creating prefix chain script '/home/drwise/arduino_ws/install/setup.ps1'
[1.474s] INFO:colcon.colcon_core.shell:Creating prefix script '/home/drwise/arduino_ws/install/local_setup.sh'
[1.475s] INFO:colcon.colcon_core.shell:Creating prefix util module '/home/drwise/arduino_ws/install/_local_setup_util_sh.py'
[1.476s] INFO:colcon.colcon_core.shell:Creating prefix chain script '/home/drwise/arduino_ws/install/setup.sh'
[1.477s] INFO:colcon.colcon_core.shell:Creating prefix script '/home/drwise/arduino_ws/install/local_setup.bash'
[1.478s] INFO:colcon.colcon_core.shell:Creating prefix chain script '/home/drwise/arduino_ws/install/setup.bash'
[1.479s] INFO:colcon.colcon_core.shell:Creating prefix script '/home/drwise/arduino_ws/install/local_setup.zsh'
[1.480s] INFO:colcon.colcon_core.shell:Creating prefix chain script '/home/drwise/arduino_ws/install/setup.zsh'
