[0.025s] Invoking command in '/home/drwise/arduino_ws/build/arduino_description': CMAKE_PREFIX_PATH=${CMAKE_PREFIX_PATH}:/home/drwise/arduino_ws/install/arduino_py_examples:/opt/ros/jazzy DEBUGINFOD_URLS=https://debuginfod.ubuntu.com /usr/bin/cmake --build /home/drwise/arduino_ws/build/arduino_description -- -j12 -l12
[0.060s] -- Found ament_cmake: 2.5.4 (/opt/ros/jazzy/share/ament_cmake/cmake)
[0.322s] -- Found ament_lint_auto: 0.17.3 (/opt/ros/jazzy/share/ament_lint_auto/cmake)
[0.450s] -- Added test 'lint_cmake' to check CMake code style
[0.452s] -- Added test 'xmllint' to check XML markup files
[0.453s] -- Configuring done (0.4s)
[0.456s] -- Generating done (0.0s)
[0.458s] -- Build files have been written to: /home/drwise/arduino_ws/build/arduino_description
[0.506s] Invoked command in '/home/drwise/arduino_ws/build/arduino_description' returned '0': CMAKE_PREFIX_PATH=${CMAKE_PREFIX_PATH}:/home/drwise/arduino_ws/install/arduino_py_examples:/opt/ros/jazzy DEBUGINFOD_URLS=https://debuginfod.ubuntu.com /usr/bin/cmake --build /home/drwise/arduino_ws/build/arduino_description -- -j12 -l12
[0.509s] Invoking command in '/home/drwise/arduino_ws/build/arduino_description': CMAKE_PREFIX_PATH=${CMAKE_PREFIX_PATH}:/home/drwise/arduino_ws/install/arduino_py_examples:/opt/ros/jazzy DEBUGINFOD_URLS=https://debuginfod.ubuntu.com /usr/bin/cmake --install /home/drwise/arduino_ws/build/arduino_description
[0.527s] -- Install configuration: ""
[0.528s] -- Installing: /home/drwise/arduino_ws/install/arduino_description/share//meshes
[0.528s] -- Installing: /home/drwise/arduino_ws/install/arduino_description/share//meshes/End Effector
[0.528s] -- Installing: /home/drwise/arduino_ws/install/arduino_description/share//meshes/End Effector/Grip_base - Part 2.stl
[0.528s] -- Installing: /home/drwise/arduino_ws/install/arduino_description/share//meshes/End Effector/Spacer small.stl
[0.529s] -- Installing: /home/drwise/arduino_ws/install/arduino_description/share//meshes/End Effector/Grip_G2_Left.stl
[0.529s] -- Installing: /home/drwise/arduino_ws/install/arduino_description/share//meshes/End Effector/Grip_Plate_2.stl
[0.531s] -- Installing: /home/drwise/arduino_ws/install/arduino_description/share//meshes/End Effector/Gripper_ServoArm - Part 2.stl
[0.534s] -- Installing: /home/drwise/arduino_ws/install/arduino_description/share//meshes/End Effector/Grip_base - Part 1.stl
[0.534s] -- Installing: /home/drwise/arduino_ws/install/arduino_description/share//meshes/End Effector/Grip_Plate_1.stl
[0.536s] -- Installing: /home/drwise/arduino_ws/install/arduino_description/share//meshes/End Effector/Grip_G2_Right.stl
[0.537s] -- Installing: /home/drwise/arduino_ws/install/arduino_description/share//meshes/End Effector/Gripper_ServoArm - Part 1.stl
[0.539s] -- Installing: /home/drwise/arduino_ws/install/arduino_description/share//meshes/arms
[0.539s] -- Installing: /home/drwise/arduino_ws/install/arduino_description/share//meshes/arms/Arm_B2.stl
[0.539s] -- Installing: /home/drwise/arduino_ws/install/arduino_description/share//meshes/arms/Arm_A2.stl
[0.540s] -- Installing: /home/drwise/arduino_ws/install/arduino_description/share//meshes/arms/Arm_C3.stl
[0.540s] -- Installing: /home/drwise/arduino_ws/install/arduino_description/share//meshes/arms/Arm_C2 Triangle.stl
[0.541s] -- Installing: /home/drwise/arduino_ws/install/arduino_description/share//meshes/arms/Arm_A1.stl
[0.542s] -- Installing: /home/drwise/arduino_ws/install/arduino_description/share//meshes/arms/Arm_B1.stl
[0.543s] -- Installing: /home/drwise/arduino_ws/install/arduino_description/share//meshes/base
[0.544s] -- Installing: /home/drwise/arduino_ws/install/arduino_description/share//meshes/base/Base.stl
[0.548s] -- Installing: /home/drwise/arduino_ws/install/arduino_description/share//meshes/base/MountPlate - BasePlate.stl
[0.550s] -- Installing: /home/drwise/arduino_ws/install/arduino_description/share//meshes/base/MountPlate - BaseClip.stl
[0.552s] -- Installing: /home/drwise/arduino_ws/install/arduino_description/share//meshes/base/Base_Hub.stl
[0.552s] -- Installing: /home/drwise/arduino_ws/install/arduino_description/share//meshes/base/MountPlate - BaseCover.stl
[0.556s] -- Installing: /home/drwise/arduino_ws/install/arduino_description/share//urdf
[0.556s] -- Installing: /home/drwise/arduino_ws/install/arduino_description/share//urdf/arduino_urldf.xacro
[0.556s] -- Up-to-date: /home/drwise/arduino_ws/install/arduino_description/share/ament_index/resource_index/package_run_dependencies/arduino_description
[0.556s] -- Installing: /home/drwise/arduino_ws/install/arduino_description/share/ament_index/resource_index/parent_prefix_path/arduino_description
[0.556s] -- Up-to-date: /home/drwise/arduino_ws/install/arduino_description/share/arduino_description/environment/ament_prefix_path.sh
[0.557s] -- Up-to-date: /home/drwise/arduino_ws/install/arduino_description/share/arduino_description/environment/ament_prefix_path.dsv
[0.557s] -- Up-to-date: /home/drwise/arduino_ws/install/arduino_description/share/arduino_description/environment/path.sh
[0.557s] -- Up-to-date: /home/drwise/arduino_ws/install/arduino_description/share/arduino_description/environment/path.dsv
[0.557s] -- Up-to-date: /home/drwise/arduino_ws/install/arduino_description/share/arduino_description/local_setup.bash
[0.557s] -- Up-to-date: /home/drwise/arduino_ws/install/arduino_description/share/arduino_description/local_setup.sh
[0.558s] -- Up-to-date: /home/drwise/arduino_ws/install/arduino_description/share/arduino_description/local_setup.zsh
[0.560s] -- Up-to-date: /home/drwise/arduino_ws/install/arduino_description/share/arduino_description/local_setup.dsv
[0.560s] -- Up-to-date: /home/drwise/arduino_ws/install/arduino_description/share/arduino_description/package.dsv
[0.560s] -- Up-to-date: /home/drwise/arduino_ws/install/arduino_description/share/ament_index/resource_index/packages/arduino_description
[0.561s] -- Up-to-date: /home/drwise/arduino_ws/install/arduino_description/share/arduino_description/cmake/arduino_descriptionConfig.cmake
[0.563s] -- Up-to-date: /home/drwise/arduino_ws/install/arduino_description/share/arduino_description/cmake/arduino_descriptionConfig-version.cmake
[0.564s] -- Up-to-date: /home/drwise/arduino_ws/install/arduino_description/share/arduino_description/package.xml
[0.564s] Invoked command in '/home/drwise/arduino_ws/build/arduino_description' returned '0': CMAKE_PREFIX_PATH=${CMAKE_PREFIX_PATH}:/home/drwise/arduino_ws/install/arduino_py_examples:/opt/ros/jazzy DEBUGINFOD_URLS=https://debuginfod.ubuntu.com /usr/bin/cmake --install /home/drwise/arduino_ws/build/arduino_description
